mode: atomic
github.com/penguintechinc/penguin/internal/cli/builder.go:26.49,31.2 1 21
github.com/penguintechinc/penguin/internal/cli/builder.go:34.74,48.16 5 4
github.com/penguintechinc/penguin/internal/cli/builder.go:48.16,50.3 1 1
github.com/penguintechinc/penguin/internal/cli/builder.go:54.2,54.39 1 3
github.com/penguintechinc/penguin/internal/cli/builder.go:54.39,55.33 1 3
github.com/penguintechinc/penguin/internal/cli/builder.go:55.33,56.12 1 0
github.com/penguintechinc/penguin/internal/cli/builder.go:58.3,62.44 2 3
github.com/penguintechinc/penguin/internal/cli/builder.go:62.44,64.4 1 3
github.com/penguintechinc/penguin/internal/cli/builder.go:65.3,65.29 1 3
github.com/penguintechinc/penguin/internal/cli/builder.go:68.2,68.18 1 3
github.com/penguintechinc/penguin/internal/cli/builder.go:75.113,83.55 4 21
github.com/penguintechinc/penguin/internal/cli/builder.go:83.55,85.31 2 5
github.com/penguintechinc/penguin/internal/cli/builder.go:85.31,87.5 1 1
github.com/penguintechinc/penguin/internal/cli/builder.go:88.4,88.52 1 4
github.com/penguintechinc/penguin/internal/cli/builder.go:88.52,90.5 1 1
github.com/penguintechinc/penguin/internal/cli/builder.go:91.4,91.14 1 3
github.com/penguintechinc/penguin/internal/cli/builder.go:93.55,95.4 1 0
github.com/penguintechinc/penguin/internal/cli/builder.go:101.2,101.34 1 21
github.com/penguintechinc/penguin/internal/cli/builder.go:101.34,102.20 1 16
github.com/penguintechinc/penguin/internal/cli/builder.go:103.17,104.76 1 6
github.com/penguintechinc/penguin/internal/cli/builder.go:105.15,106.84 1 5
github.com/penguintechinc/penguin/internal/cli/builder.go:107.14,109.64 2 4
github.com/penguintechinc/penguin/internal/cli/builder.go:115.2,115.43 1 21
github.com/penguintechinc/penguin/internal/cli/builder.go:115.43,117.3 1 2
github.com/penguintechinc/penguin/internal/cli/builder.go:119.2,119.12 1 21
github.com/penguintechinc/penguin/internal/cli/builder.go:123.103,126.40 2 7
github.com/penguintechinc/penguin/internal/cli/builder.go:126.40,128.60 1 6
github.com/penguintechinc/penguin/internal/cli/builder.go:128.60,130.4 1 2
github.com/penguintechinc/penguin/internal/cli/builder.go:130.9,130.64 1 4
github.com/penguintechinc/penguin/internal/cli/builder.go:130.64,132.4 1 2
github.com/penguintechinc/penguin/internal/cli/builder.go:132.9,132.63 1 2
github.com/penguintechinc/penguin/internal/cli/builder.go:132.63,134.4 1 2
github.com/penguintechinc/penguin/internal/cli/builder.go:138.2,151.16 5 7
github.com/penguintechinc/penguin/internal/cli/builder.go:151.16,153.43 2 0
github.com/penguintechinc/penguin/internal/cli/builder.go:153.43,156.4 2 0
github.com/penguintechinc/penguin/internal/cli/builder.go:157.3,157.13 1 0
github.com/penguintechinc/penguin/internal/cli/builder.go:161.2,162.6 2 7
github.com/penguintechinc/penguin/internal/cli/builder.go:162.6,164.17 2 19
github.com/penguintechinc/penguin/internal/cli/builder.go:164.17,165.9 1 7
github.com/penguintechinc/penguin/internal/cli/builder.go:168.3,168.25 1 12
github.com/penguintechinc/penguin/internal/cli/builder.go:168.25,170.4 1 10
github.com/penguintechinc/penguin/internal/cli/builder.go:172.3,172.18 1 12
github.com/penguintechinc/penguin/internal/cli/builder.go:172.18,174.4 1 5
github.com/penguintechinc/penguin/internal/cli/builder.go:177.2,177.19 1 7
github.com/penguintechinc/penguin/internal/cli/builder.go:177.19,179.3 1 0
github.com/penguintechinc/penguin/internal/cli/builder.go:181.2,181.12 1 7
github.com/penguintechinc/penguin/internal/licensing/client.go:83.32,84.24 1 24
github.com/penguintechinc/penguin/internal/licensing/client.go:84.24,86.3 1 19
github.com/penguintechinc/penguin/internal/licensing/client.go:87.2,87.24 1 24
github.com/penguintechinc/penguin/internal/licensing/client.go:87.24,89.3 1 8
github.com/penguintechinc/penguin/internal/licensing/client.go:90.2,90.28 1 24
github.com/penguintechinc/penguin/internal/licensing/client.go:90.28,94.3 1 18
github.com/penguintechinc/penguin/internal/licensing/client.go:95.2,95.31 1 24
github.com/penguintechinc/penguin/internal/licensing/client.go:95.31,97.3 1 21
github.com/penguintechinc/penguin/internal/licensing/client.go:98.2,98.24 1 24
github.com/penguintechinc/penguin/internal/licensing/client.go:98.24,100.3 1 24
github.com/penguintechinc/penguin/internal/licensing/client.go:102.2,117.10 3 24
github.com/penguintechinc/penguin/internal/licensing/client.go:122.50,127.24 3 121
github.com/penguintechinc/penguin/internal/licensing/client.go:127.24,129.3 1 2
github.com/penguintechinc/penguin/internal/licensing/client.go:132.2,133.12 2 119
github.com/penguintechinc/penguin/internal/licensing/client.go:133.12,135.3 1 107
github.com/penguintechinc/penguin/internal/licensing/client.go:138.2,138.14 1 12
github.com/penguintechinc/penguin/internal/licensing/client.go:142.32,146.2 3 20
github.com/penguintechinc/penguin/internal/licensing/client.go:150.54,151.24 1 31
github.com/penguintechinc/penguin/internal/licensing/client.go:151.24,157.3 5 1
github.com/penguintechinc/penguin/internal/licensing/client.go:159.2,160.16 2 30
github.com/penguintechinc/penguin/internal/licensing/client.go:160.16,164.3 2 7
github.com/penguintechinc/penguin/internal/licensing/client.go:166.2,167.12 2 23
github.com/penguintechinc/penguin/internal/licensing/client.go:171.51,173.12 2 3
github.com/penguintechinc/penguin/internal/licensing/client.go:173.12,181.7 5 3
github.com/penguintechinc/penguin/internal/licensing/client.go:181.7,182.11 1 9
github.com/penguintechinc/penguin/internal/licensing/client.go:183.20,184.24 1 6
github.com/penguintechinc/penguin/internal/licensing/client.go:185.20,186.11 1 2
github.com/penguintechinc/penguin/internal/licensing/client.go:187.22,188.11 1 1
github.com/penguintechinc/penguin/internal/licensing/client.go:192.2,192.12 1 3
github.com/penguintechinc/penguin/internal/licensing/client.go:196.31,200.2 3 3
github.com/penguintechinc/penguin/internal/licensing/client.go:203.67,208.16 4 31
github.com/penguintechinc/penguin/internal/licensing/client.go:208.16,210.3 1 0
github.com/penguintechinc/penguin/internal/licensing/client.go:212.2,213.16 2 31
github.com/penguintechinc/penguin/internal/licensing/client.go:213.16,215.3 1 0
github.com/penguintechinc/penguin/internal/licensing/client.go:217.2,221.16 4 31
github.com/penguintechinc/penguin/internal/licensing/client.go:221.16,223.3 1 3
github.com/penguintechinc/penguin/internal/licensing/client.go:224.2,224.15 1 28
github.com/penguintechinc/penguin/internal/licensing/client.go:224.15,224.40 1 28
github.com/penguintechinc/penguin/internal/licensing/client.go:226.2,227.16 2 28
github.com/penguintechinc/penguin/internal/licensing/client.go:227.16,229.3 1 0
github.com/penguintechinc/penguin/internal/licensing/client.go:231.2,231.38 1 28
github.com/penguintechinc/penguin/internal/licensing/client.go:231.38,233.3 1 3
github.com/penguintechinc/penguin/internal/licensing/client.go:235.2,236.56 2 25
github.com/penguintechinc/penguin/internal/licensing/client.go:236.56,238.3 1 2
github.com/penguintechinc/penguin/internal/licensing/client.go:240.2,240.19 1 23
github.com/penguintechinc/penguin/internal/licensing/client.go:244.49,250.34 5 23
github.com/penguintechinc/penguin/internal/licensing/client.go:250.34,252.3 1 23
github.com/penguintechinc/penguin/internal/licensing/client.go:253.2,256.22 2 23
github.com/penguintechinc/penguin/internal/licensing/client.go:260.37,262.2 1 4
github.com/penguintechinc/penguin/internal/licensing/client.go:266.39,267.22 1 25
github.com/penguintechinc/penguin/internal/licensing/client.go:267.22,269.3 1 24
github.com/penguintechinc/penguin/internal/licensing/client.go:271.2,278.16 3 1
github.com/penguintechinc/penguin/internal/licensing/client.go:278.16,280.3 1 0
github.com/penguintechinc/penguin/internal/licensing/client.go:282.2,282.55 1 1
github.com/penguintechinc/penguin/internal/licensing/client.go:282.55,284.3 1 0
github.com/penguintechinc/penguin/internal/licensing/client.go:285.2,286.16 2 1
github.com/penguintechinc/penguin/internal/licensing/client.go:286.16,288.3 1 0
github.com/penguintechinc/penguin/internal/licensing/client.go:289.2,290.20 2 1
github.com/penguintechinc/penguin/internal/licensing/client.go:290.20,293.3 2 0
github.com/penguintechinc/penguin/internal/licensing/client.go:294.2,294.41 1 1
github.com/penguintechinc/penguin/internal/licensing/client.go:294.41,297.3 2 0
github.com/penguintechinc/penguin/internal/licensing/client.go:298.2,298.42 1 1
github.com/penguintechinc/penguin/internal/licensing/client.go:298.42,301.3 2 0
github.com/penguintechinc/penguin/internal/licensing/client.go:302.2,302.36 1 1
github.com/penguintechinc/penguin/internal/licensing/client.go:302.36,305.3 2 0
github.com/penguintechinc/penguin/internal/licensing/client.go:306.2,306.58 1 1
github.com/penguintechinc/penguin/internal/licensing/client.go:306.58,309.3 2 0
github.com/penguintechinc/penguin/internal/licensing/client.go:310.2,310.12 1 1
github.com/penguintechinc/penguin/internal/licensing/client.go:317.36,318.22 1 25
github.com/penguintechinc/penguin/internal/licensing/client.go:318.22,320.3 1 22
github.com/penguintechinc/penguin/internal/licensing/client.go:322.2,323.16 2 3
github.com/penguintechinc/penguin/internal/licensing/client.go:323.16,325.3 1 1
github.com/penguintechinc/penguin/internal/licensing/client.go:327.2,328.51 2 2
github.com/penguintechinc/penguin/internal/licensing/client.go:328.51,330.3 1 1
github.com/penguintechinc/penguin/internal/licensing/client.go:332.2,335.26 4 1
github.com/penguintechinc/penguin/internal/licensing/client.go:335.26,337.3 1 1
github.com/penguintechinc/penguin/internal/licensing/client.go:338.2,339.12 2 1
github.com/penguintechinc/penguin/internal/registry/registry.go:29.26,31.2 1 1
github.com/penguintechinc/penguin/internal/telemetry/telemetry.go:25.44,28.16 2 25
github.com/penguintechinc/penguin/internal/telemetry/telemetry.go:28.16,30.3 1 2
github.com/penguintechinc/penguin/internal/telemetry/telemetry.go:33.2,39.16 6 23
github.com/penguintechinc/penguin/internal/telemetry/telemetry.go:39.16,41.3 1 0
github.com/penguintechinc/penguin/internal/telemetry/telemetry.go:44.2,45.109 2 23
github.com/penguintechinc/penguin/internal/telemetry/telemetry.go:45.109,47.3 1 0
github.com/penguintechinc/penguin/internal/telemetry/telemetry.go:48.2,48.71 1 23
github.com/penguintechinc/penguin/internal/telemetry/telemetry.go:48.71,50.3 1 0
github.com/penguintechinc/penguin/internal/telemetry/telemetry.go:52.2,55.8 1 23
github.com/penguintechinc/penguin/internal/telemetry/telemetry.go:60.59,62.2 1 13
github.com/penguintechinc/penguin/internal/telemetry/telemetry.go:67.73,72.2 1 5
github.com/penguintechinc/penguin/internal/tray/model.go:67.82,69.16 2 2
github.com/penguintechinc/penguin/internal/tray/model.go:69.16,71.3 1 1
github.com/penguintechinc/penguin/internal/tray/model.go:72.2,73.16 2 1
github.com/penguintechinc/penguin/internal/tray/model.go:73.16,75.3 1 0
github.com/penguintechinc/penguin/internal/tray/model.go:76.2,77.16 2 1
github.com/penguintechinc/penguin/internal/tray/model.go:77.16,79.3 1 0
github.com/penguintechinc/penguin/internal/tray/model.go:81.2,82.32 2 1
github.com/penguintechinc/penguin/internal/tray/model.go:82.32,84.3 1 1
github.com/penguintechinc/penguin/internal/tray/model.go:85.2,88.35 3 1
github.com/penguintechinc/penguin/internal/tray/model.go:88.35,96.45 2 2
github.com/penguintechinc/penguin/internal/tray/model.go:96.45,99.4 2 1
github.com/penguintechinc/penguin/internal/tray/model.go:100.3,100.38 1 2
github.com/penguintechinc/penguin/internal/tray/model.go:102.2,102.44 1 1
github.com/penguintechinc/penguin/internal/tray/model.go:102.44,102.92 1 1
github.com/penguintechinc/penguin/internal/tray/model.go:103.2,104.15 2 1
github.com/penguintechinc/penguin/internal/tray/model.go:109.79,112.77 3 1
github.com/penguintechinc/penguin/internal/tray/model.go:112.77,113.27 1 4
github.com/penguintechinc/penguin/internal/tray/model.go:113.27,115.14 2 3
github.com/penguintechinc/penguin/internal/tray/model.go:115.14,117.5 1 1
github.com/penguintechinc/penguin/internal/tray/model.go:118.4,118.37 1 3
github.com/penguintechinc/penguin/internal/tray/model.go:121.2,121.34 1 1
github.com/penguintechinc/penguin/internal/tray/model.go:121.34,123.3 1 1
github.com/penguintechinc/penguin/internal/tray/model.go:124.2,124.12 1 1
github.com/penguintechinc/penguin/internal/tray/model.go:127.35,128.11 1 6
github.com/penguintechinc/penguin/internal/tray/model.go:129.17,130.18 1 1
github.com/penguintechinc/penguin/internal/tray/model.go:131.18,132.20 1 2
github.com/penguintechinc/penguin/internal/tray/model.go:133.19,134.19 1 1
github.com/penguintechinc/penguin/internal/tray/model.go:135.10,136.23 1 2
github.com/penguintechinc/penguin/internal/tray/model.go:142.45,145.27 3 5
github.com/penguintechinc/penguin/internal/tray/model.go:145.27,146.17 1 8
github.com/penguintechinc/penguin/internal/tray/model.go:146.17,147.12 1 2
github.com/penguintechinc/penguin/internal/tray/model.go:149.3,149.36 1 6
github.com/penguintechinc/penguin/internal/tray/model.go:149.36,151.4 1 4
github.com/penguintechinc/penguin/internal/tray/model.go:153.2,153.14 1 5
github.com/penguintechinc/penguin/pkg/sdk/module.go:119.41,119.70 1 3
github.com/penguintechinc/penguin/pkg/sdk/serve.go:26.30,27.9 1 20
github.com/penguintechinc/penguin/pkg/sdk/serve.go:28.25,29.23 1 4
github.com/penguintechinc/penguin/pkg/sdk/serve.go:30.25,31.23 1 4
github.com/penguintechinc/penguin/pkg/sdk/serve.go:32.10,33.18 1 12
github.com/penguintechinc/penguin/pkg/sdk/serve.go:47.22,59.2 1 0
github.com/penguintechinc/penguin/pkg/sdk/serve.go:68.84,71.2 2 0
github.com/penguintechinc/penguin/pkg/sdk/serve.go:74.124,77.16 2 0
github.com/penguintechinc/penguin/pkg/sdk/serve.go:77.16,79.3 1 0
github.com/penguintechinc/penguin/pkg/sdk/serve.go:81.2,85.55 3 0
github.com/penguintechinc/penguin/pkg/sdk/serve.go:85.55,87.3 1 0
github.com/penguintechinc/penguin/pkg/sdk/serve.go:89.2,89.20 1 0
github.com/penguintechinc/penguin/pkg/sdk/serve.go:93.93,95.2 1 0
github.com/penguintechinc/penguin/pkg/sdk/serve.go:98.78,100.2 1 0
github.com/penguintechinc/penguin/pkg/sdk/serve.go:111.102,112.28 1 0
github.com/penguintechinc/penguin/pkg/sdk/serve.go:112.28,114.3 1 0
github.com/penguintechinc/penguin/pkg/sdk/serve.go:115.2,121.8 2 0
github.com/penguintechinc/penguin/pkg/sdk/serve.go:124.102,125.28 1 0
github.com/penguintechinc/penguin/pkg/sdk/serve.go:125.28,127.3 1 0
github.com/penguintechinc/penguin/pkg/sdk/serve.go:128.2,128.32 1 0
github.com/penguintechinc/penguin/pkg/sdk/serve.go:131.105,132.28 1 0
github.com/penguintechinc/penguin/pkg/sdk/serve.go:132.28,134.3 1 0
github.com/penguintechinc/penguin/pkg/sdk/serve.go:135.2,137.16 3 0
github.com/penguintechinc/penguin/pkg/sdk/serve.go:137.16,139.3 1 0
github.com/penguintechinc/penguin/pkg/sdk/serve.go:140.2,140.46 1 0
github.com/penguintechinc/penguin/pkg/sdk/serve.go:143.102,144.28 1 0
github.com/penguintechinc/penguin/pkg/sdk/serve.go:144.28,146.3 1 0
github.com/penguintechinc/penguin/pkg/sdk/serve.go:147.2,149.16 3 0
github.com/penguintechinc/penguin/pkg/sdk/serve.go:149.16,151.3 1 0
github.com/penguintechinc/penguin/pkg/sdk/serve.go:152.2,152.45 1 0
github.com/penguintechinc/penguin/pkg/sdk/serve.go:155.108,156.28 1 0
github.com/penguintechinc/penguin/pkg/sdk/serve.go:156.28,158.3 1 0
github.com/penguintechinc/penguin/pkg/sdk/serve.go:159.2,161.16 3 0
github.com/penguintechinc/penguin/pkg/sdk/serve.go:161.16,163.3 1 0
github.com/penguintechinc/penguin/pkg/sdk/serve.go:164.2,168.8 1 0
github.com/penguintechinc/penguin/pkg/sdk/serve.go:171.108,172.28 1 0
github.com/penguintechinc/penguin/pkg/sdk/serve.go:172.28,174.3 1 0
github.com/penguintechinc/penguin/pkg/sdk/serve.go:175.2,180.8 2 0
github.com/penguintechinc/penguin/pkg/sdk/serve.go:183.114,184.28 1 0
github.com/penguintechinc/penguin/pkg/sdk/serve.go:184.28,186.3 1 0
github.com/penguintechinc/penguin/pkg/sdk/serve.go:187.2,189.29 3 0
github.com/penguintechinc/penguin/pkg/sdk/serve.go:189.29,191.3 1 0
github.com/penguintechinc/penguin/pkg/sdk/serve.go:192.2,192.53 1 0
github.com/penguintechinc/penguin/pkg/sdk/serve.go:195.114,196.28 1 0
github.com/penguintechinc/penguin/pkg/sdk/serve.go:196.28,198.3 1 0
github.com/penguintechinc/penguin/pkg/sdk/serve.go:199.2,201.16 3 0
github.com/penguintechinc/penguin/pkg/sdk/serve.go:201.16,203.3 1 0
github.com/penguintechinc/penguin/pkg/sdk/serve.go:204.2,205.19 2 0
github.com/penguintechinc/penguin/pkg/sdk/serve.go:205.19,208.3 2 0
github.com/penguintechinc/penguin/pkg/sdk/serve.go:209.2,214.8 1 0
github.com/penguintechinc/penguin/pkg/sdk/serve.go:217.126,218.28 1 0
github.com/penguintechinc/penguin/pkg/sdk/serve.go:218.28,220.3 1 0
github.com/penguintechinc/penguin/pkg/sdk/serve.go:221.2,221.66 1 0
github.com/penguintechinc/penguin/pkg/sdk/serve.go:225.57,227.29 2 0
github.com/penguintechinc/penguin/pkg/sdk/serve.go:227.29,235.3 1 0
github.com/penguintechinc/penguin/pkg/sdk/serve.go:237.2,238.36 2 0
github.com/penguintechinc/penguin/pkg/sdk/serve.go:238.36,240.3 1 0
github.com/penguintechinc/penguin/pkg/sdk/serve.go:242.2,251.3 1 0
github.com/penguintechinc/penguin/pkg/sdk/serve.go:259.50,261.2 1 0
github.com/penguintechinc/penguin/pkg/sdk/serve.go:263.51,265.2 1 0
github.com/penguintechinc/penguin/pkg/sdk/serve.go:267.54,269.2 1 0
github.com/penguintechinc/penguin/pkg/sdk/serve.go:271.61,273.2 1 0
github.com/penguintechinc/penguin/pkg/sdk/serve.go:275.45,277.16 2 0
github.com/penguintechinc/penguin/pkg/sdk/serve.go:277.16,279.3 1 0
github.com/penguintechinc/penguin/pkg/sdk/serve.go:280.2,280.20 1 0
github.com/penguintechinc/penguin/pkg/sdk/serve.go:283.46,285.16 2 0
github.com/penguintechinc/penguin/pkg/sdk/serve.go:285.16,287.3 1 0
github.com/penguintechinc/penguin/pkg/sdk/serve.go:288.2,288.18 1 0
github.com/penguintechinc/penguin/pkg/sdk/serve.go:291.48,293.2 1 0
github.com/penguintechinc/penguin/pkg/sdk/serve.go:300.56,305.16 2 0
github.com/penguintechinc/penguin/pkg/sdk/serve.go:305.16,307.3 1 0
github.com/penguintechinc/penguin/pkg/sdk/serve.go:308.2,308.22 1 0
github.com/penguintechinc/penguin/pkg/sdk/serve.go:308.22,309.32 1 0
github.com/penguintechinc/penguin/pkg/sdk/serve.go:309.32,311.4 1 0
github.com/penguintechinc/penguin/pkg/sdk/serve.go:312.3,312.56 1 0
github.com/penguintechinc/penguin/pkg/sdk/serve.go:314.2,314.24 1 0
github.com/penguintechinc/penguin/pkg/sdk/serve.go:317.60,323.16 2 0
github.com/penguintechinc/penguin/pkg/sdk/serve.go:323.16,325.3 1 0
github.com/penguintechinc/penguin/pkg/sdk/serve.go:326.2,326.22 1 0
github.com/penguintechinc/penguin/pkg/sdk/serve.go:326.22,328.3 1 0
github.com/penguintechinc/penguin/pkg/sdk/serve.go:329.2,329.12 1 0
github.com/penguintechinc/penguin/pkg/sdk/serve.go:332.49,337.16 2 0
github.com/penguintechinc/penguin/pkg/sdk/serve.go:337.16,339.3 1 0
github.com/penguintechinc/penguin/pkg/sdk/serve.go:340.2,340.22 1 0
github.com/penguintechinc/penguin/pkg/sdk/serve.go:340.22,342.3 1 0
github.com/penguintechinc/penguin/pkg/sdk/serve.go:343.2,343.12 1 0
github.com/penguintechinc/penguin/pkg/sdk/serve.go:351.56,356.16 2 0
github.com/penguintechinc/penguin/pkg/sdk/serve.go:356.16,358.3 1 0
github.com/penguintechinc/penguin/pkg/sdk/serve.go:359.2,359.21 1 0
github.com/penguintechinc/penguin/pkg/sdk/serve.go:362.38,366.16 2 0
github.com/penguintechinc/penguin/pkg/sdk/serve.go:366.16,368.3 1 0
github.com/penguintechinc/penguin/pkg/sdk/serve.go:369.2,369.18 1 0
github.com/penguintechinc/penguin/pkg/sdk/serve.go:377.41,386.2 1 0
github.com/penguintechinc/penguin/pkg/sdk/status.go:35.38,36.11 1 5
github.com/penguintechinc/penguin/pkg/sdk/status.go:37.15,38.19 1 1
github.com/penguintechinc/penguin/pkg/sdk/status.go:39.16,40.20 1 1
github.com/penguintechinc/penguin/pkg/sdk/status.go:41.17,42.21 1 1
github.com/penguintechinc/penguin/pkg/sdk/status.go:43.10,44.19 1 2
github.com/penguintechinc/penguin/internal/secrets/store.go:39.39,40.27 1 33
github.com/penguintechinc/penguin/internal/secrets/store.go:40.27,42.3 1 2
github.com/penguintechinc/penguin/internal/secrets/store.go:44.2,45.33 2 33
github.com/penguintechinc/penguin/internal/secrets/store.go:45.33,53.3 1 0
github.com/penguintechinc/penguin/internal/secrets/store.go:56.2,57.33 2 33
github.com/penguintechinc/penguin/internal/secrets/store.go:57.33,58.50 1 33
github.com/penguintechinc/penguin/internal/secrets/store.go:58.50,60.18 2 27
github.com/penguintechinc/penguin/internal/secrets/store.go:60.18,62.5 1 0
github.com/penguintechinc/penguin/internal/secrets/store.go:63.4,63.27 1 27
github.com/penguintechinc/penguin/internal/secrets/store.go:67.2,71.23 3 33
github.com/penguintechinc/penguin/internal/secrets/store.go:71.23,78.3 1 33
github.com/penguintechinc/penguin/internal/secrets/store.go:78.8,83.3 1 0
github.com/penguintechinc/penguin/internal/secrets/store.go:85.2,85.16 1 33
github.com/penguintechinc/penguin/internal/secrets/store.go:85.16,87.3 1 0
github.com/penguintechinc/penguin/internal/secrets/store.go:89.2,94.8 1 33
github.com/penguintechinc/penguin/internal/secrets/store.go:98.49,101.16 3 36
github.com/penguintechinc/penguin/internal/secrets/store.go:101.16,102.45 1 7
github.com/penguintechinc/penguin/internal/secrets/store.go:102.45,104.4 1 7
github.com/penguintechinc/penguin/internal/secrets/store.go:105.3,105.66 1 0
github.com/penguintechinc/penguin/internal/secrets/store.go:107.2,107.23 1 29
github.com/penguintechinc/penguin/internal/secrets/store.go:111.53,117.41 3 31
github.com/penguintechinc/penguin/internal/secrets/store.go:117.41,119.3 1 0
github.com/penguintechinc/penguin/internal/secrets/store.go:120.2,120.12 1 31
github.com/penguintechinc/penguin/internal/secrets/store.go:124.42,126.47 2 4
github.com/penguintechinc/penguin/internal/secrets/store.go:126.47,127.45 1 1
github.com/penguintechinc/penguin/internal/secrets/store.go:127.45,129.4 1 0
github.com/penguintechinc/penguin/internal/secrets/store.go:130.3,130.64 1 1
github.com/penguintechinc/penguin/internal/secrets/store.go:132.2,132.12 1 3
github.com/penguintechinc/penguin/internal/secrets/store.go:138.59,145.2 1 15
github.com/penguintechinc/penguin/internal/secrets/store.go:148.44,149.23 1 71
github.com/penguintechinc/penguin/internal/secrets/store.go:149.23,151.3 1 40
github.com/penguintechinc/penguin/internal/secrets/store.go:152.2,152.32 1 31
github.com/penguintechinc/penguin/internal/secrets/store.go:158.51,163.16 3 10
github.com/penguintechinc/penguin/internal/secrets/store.go:163.16,165.3 1 1
github.com/penguintechinc/penguin/internal/secrets/store.go:166.2,166.28 1 9
github.com/penguintechinc/penguin/internal/secrets/store.go:166.28,168.3 1 1
github.com/penguintechinc/penguin/internal/secrets/store.go:173.2,173.52 1 8
github.com/penguintechinc/penguin/internal/secrets/store.go:173.52,174.26 1 5
github.com/penguintechinc/penguin/internal/secrets/store.go:174.26,176.4 1 1
github.com/penguintechinc/penguin/internal/secrets/store.go:177.3,177.23 1 4
github.com/penguintechinc/penguin/internal/secrets/store.go:178.8,178.44 1 3
github.com/penguintechinc/penguin/internal/secrets/store.go:178.44,180.3 1 1
github.com/penguintechinc/penguin/internal/secrets/store.go:183.2,184.42 2 2
github.com/penguintechinc/penguin/internal/secrets/store.go:184.42,186.3 1 0
github.com/penguintechinc/penguin/internal/secrets/store.go:189.2,189.55 1 2
github.com/penguintechinc/penguin/internal/secrets/store.go:189.55,191.3 1 0
github.com/penguintechinc/penguin/internal/secrets/store.go:193.2,193.17 1 2
github.com/penguintechinc/penguin/internal/update/updater.go:60.40,61.27 1 23
github.com/penguintechinc/penguin/internal/update/updater.go:61.27,63.3 1 10
github.com/penguintechinc/penguin/internal/update/updater.go:65.2,66.22 2 23
github.com/penguintechinc/penguin/internal/update/updater.go:66.22,69.17 3 9
github.com/penguintechinc/penguin/internal/update/updater.go:69.17,71.4 1 0
github.com/penguintechinc/penguin/internal/update/updater.go:74.2,83.8 2 23
github.com/penguintechinc/penguin/internal/update/updater.go:87.64,91.16 3 6
github.com/penguintechinc/penguin/internal/update/updater.go:91.16,93.3 1 0
github.com/penguintechinc/penguin/internal/update/updater.go:95.2,96.16 2 6
github.com/penguintechinc/penguin/internal/update/updater.go:96.16,98.3 1 1
github.com/penguintechinc/penguin/internal/update/updater.go:99.2,99.15 1 5
github.com/penguintechinc/penguin/internal/update/updater.go:99.15,99.40 1 5
github.com/penguintechinc/penguin/internal/update/updater.go:101.2,101.38 1 5
github.com/penguintechinc/penguin/internal/update/updater.go:101.38,103.3 1 2
github.com/penguintechinc/penguin/internal/update/updater.go:105.2,113.70 2 3
github.com/penguintechinc/penguin/internal/update/updater.go:113.70,115.3 1 1
github.com/penguintechinc/penguin/internal/update/updater.go:118.2,122.41 4 2
github.com/penguintechinc/penguin/internal/update/updater.go:122.41,125.45 1 3
github.com/penguintechinc/penguin/internal/update/updater.go:125.45,130.4 1 1
github.com/penguintechinc/penguin/internal/update/updater.go:133.2,133.22 1 2
github.com/penguintechinc/penguin/internal/update/updater.go:133.22,135.3 1 1
github.com/penguintechinc/penguin/internal/update/updater.go:137.2,140.8 1 1
github.com/penguintechinc/penguin/internal/update/updater.go:144.66,145.26 1 8
github.com/penguintechinc/penguin/internal/update/updater.go:145.26,147.3 1 2
github.com/penguintechinc/penguin/internal/update/updater.go:150.2,154.16 3 6
github.com/penguintechinc/penguin/internal/update/updater.go:154.16,156.3 1 2
github.com/penguintechinc/penguin/internal/update/updater.go:159.2,161.16 3 4
github.com/penguintechinc/penguin/internal/update/updater.go:161.16,163.3 1 1
github.com/penguintechinc/penguin/internal/update/updater.go:167.2,169.64 3 3
github.com/penguintechinc/penguin/internal/update/updater.go:169.64,171.3 1 3
github.com/penguintechinc/penguin/internal/update/updater.go:174.2,174.48 1 0
github.com/penguintechinc/penguin/internal/update/updater.go:174.48,176.3 1 0
github.com/penguintechinc/penguin/internal/update/updater.go:179.2,180.16 2 0
github.com/penguintechinc/penguin/internal/update/updater.go:180.16,182.3 1 0
github.com/penguintechinc/penguin/internal/update/updater.go:185.2,188.75 2 0
github.com/penguintechinc/penguin/internal/update/updater.go:188.75,190.3 1 0
github.com/penguintechinc/penguin/internal/update/updater.go:192.2,192.12 1 0
github.com/penguintechinc/penguin/internal/update/updater.go:196.77,198.16 2 12
github.com/penguintechinc/penguin/internal/update/updater.go:198.16,200.3 1 0
github.com/penguintechinc/penguin/internal/update/updater.go:202.2,203.16 2 12
github.com/penguintechinc/penguin/internal/update/updater.go:203.16,205.3 1 1
github.com/penguintechinc/penguin/internal/update/updater.go:206.2,206.15 1 11
github.com/penguintechinc/penguin/internal/update/updater.go:206.15,206.40 1 11
github.com/penguintechinc/penguin/internal/update/updater.go:208.2,208.38 1 11
github.com/penguintechinc/penguin/internal/update/updater.go:208.38,210.3 1 4
github.com/penguintechinc/penguin/internal/update/updater.go:212.2,212.30 1 7
github.com/penguintechinc/penguin/internal/update/updater.go:216.56,218.16 2 5
github.com/penguintechinc/penguin/internal/update/updater.go:218.16,220.3 1 1
github.com/penguintechinc/penguin/internal/update/updater.go:221.2,221.15 1 4
github.com/penguintechinc/penguin/internal/update/updater.go:221.15,221.34 1 4
github.com/penguintechinc/penguin/internal/update/updater.go:223.2,224.6 2 4
github.com/penguintechinc/penguin/internal/update/updater.go:224.6,226.20 2 5
github.com/penguintechinc/penguin/internal/update/updater.go:226.20,227.9 1 1
github.com/penguintechinc/penguin/internal/update/updater.go:229.3,229.17 1 4
github.com/penguintechinc/penguin/internal/update/updater.go:229.17,231.4 1 1
github.com/penguintechinc/penguin/internal/update/updater.go:234.3,234.66 1 3
github.com/penguintechinc/penguin/internal/update/updater.go:234.66,236.4 1 2
github.com/penguintechinc/penguin/internal/update/updater.go:239.2,239.54 1 1
github.com/penguintechinc/penguin/internal/update/updater.go:243.37,248.2 2 10
github.com/penguintechinc/penguin/internal/update/updater.go:251.36,255.2 1 2
github.com/penguintechinc/penguin/internal/update/updater.go:258.38,262.2 1 2
github.com/penguintechinc/penguin/internal/update/updater.go:266.41,270.54 3 35
github.com/penguintechinc/penguin/internal/update/updater.go:270.54,271.28 1 56
github.com/penguintechinc/penguin/internal/update/updater.go:271.28,273.4 1 14
github.com/penguintechinc/penguin/internal/update/updater.go:274.3,274.28 1 42
github.com/penguintechinc/penguin/internal/update/updater.go:274.28,276.4 1 14
github.com/penguintechinc/penguin/internal/update/updater.go:279.2,279.31 1 7
github.com/penguintechinc/penguin/internal/update/updater.go:279.31,281.3 1 0
github.com/penguintechinc/penguin/internal/update/updater.go:282.2,282.31 1 7
github.com/penguintechinc/penguin/internal/update/updater.go:282.31,284.3 1 0
github.com/penguintechinc/penguin/internal/update/updater.go:286.2,286.10 1 7
github.com/penguintechinc/penguin/internal/update/updater.go:290.36,297.43 4 70
github.com/penguintechinc/penguin/internal/update/updater.go:297.43,300.31 2 205
github.com/penguintechinc/penguin/internal/update/updater.go:300.31,301.30 1 209
github.com/penguintechinc/penguin/internal/update/updater.go:301.30,303.5 1 207
github.com/penguintechinc/penguin/internal/update/updater.go:303.10,304.10 1 2
github.com/penguintechinc/penguin/internal/update/updater.go:307.3,307.19 1 205
github.com/penguintechinc/penguin/internal/update/updater.go:307.19,309.30 1 203
github.com/penguintechinc/penguin/internal/update/updater.go:309.30,311.5 1 207
github.com/penguintechinc/penguin/internal/update/updater.go:315.2,315.15 1 70
github.com/penguintechinc/penguin/internal/ipc/dial_unix.go:18.71,22.87 2 5
github.com/penguintechinc/penguin/internal/ipc/dial_unix.go:22.87,24.4 1 0
github.com/penguintechinc/penguin/internal/ipc/listen_unix.go:40.74,41.33 1 13
github.com/penguintechinc/penguin/internal/ipc/listen_unix.go:41.33,44.3 1 1
github.com/penguintechinc/penguin/internal/ipc/listen_unix.go:47.2,47.67 1 12
github.com/penguintechinc/penguin/internal/ipc/listen_unix.go:47.67,49.3 1 0
github.com/penguintechinc/penguin/internal/ipc/listen_unix.go:52.2,53.48 2 12
github.com/penguintechinc/penguin/internal/ipc/listen_unix.go:53.48,55.3 1 0
github.com/penguintechinc/penguin/internal/ipc/listen_unix.go:58.2,60.16 3 12
github.com/penguintechinc/penguin/internal/ipc/listen_unix.go:60.16,62.3 1 0
github.com/penguintechinc/penguin/internal/ipc/listen_unix.go:67.2,67.50 1 12
github.com/penguintechinc/penguin/internal/ipc/listen_unix.go:67.50,70.3 2 0
github.com/penguintechinc/penguin/internal/ipc/listen_unix.go:73.2,75.27 2 12
github.com/penguintechinc/penguin/internal/ipc/listen_unix.go:92.79,94.2 1 16
github.com/penguintechinc/penguin/internal/ipc/listen_unix.go:96.119,98.2 1 1
github.com/penguintechinc/penguin/internal/ipc/listen_unix.go:100.99,102.9 2 1
github.com/penguintechinc/penguin/internal/ipc/listen_unix.go:102.9,104.3 1 1
github.com/penguintechinc/penguin/internal/ipc/listen_unix.go:107.2,108.16 2 0
github.com/penguintechinc/penguin/internal/ipc/listen_unix.go:108.16,110.3 1 0
github.com/penguintechinc/penguin/internal/ipc/listen_unix.go:112.2,114.41 3 0
github.com/penguintechinc/penguin/internal/ipc/listen_unix.go:114.41,116.3 1 0
github.com/penguintechinc/penguin/internal/ipc/listen_unix.go:116.17,118.3 1 0
github.com/penguintechinc/penguin/internal/ipc/listen_unix.go:119.2,119.21 1 0
github.com/penguintechinc/penguin/internal/ipc/listen_unix.go:119.21,121.3 1 0
github.com/penguintechinc/penguin/internal/ipc/listen_unix.go:123.2,129.33 2 0
github.com/penguintechinc/penguin/internal/ipc/listen_unix.go:132.60,134.2 1 2
github.com/penguintechinc/penguin/internal/ipc/listen_unix.go:136.69,138.2 1 1
github.com/penguintechinc/penguin/internal/ipc/listen_unix.go:140.61,142.2 1 0
github.com/penguintechinc/penguin/internal/ipc/listen_unix.go:145.40,147.2 1 1
github.com/penguintechinc/penguin/internal/ipc/listen_unix.go:152.107,154.2 1 4
github.com/penguintechinc/penguin/internal/ipc/listen_unix.go:156.72,157.128 1 4
github.com/penguintechinc/penguin/internal/ipc/listen_unix.go:157.128,158.58 1 2
github.com/penguintechinc/penguin/internal/ipc/listen_unix.go:158.58,160.4 1 1
github.com/penguintechinc/penguin/internal/ipc/listen_unix.go:161.3,161.27 1 1
github.com/penguintechinc/penguin/internal/ipc/listen_unix.go:165.74,166.116 1 4
github.com/penguintechinc/penguin/internal/ipc/listen_unix.go:166.116,167.67 1 2
github.com/penguintechinc/penguin/internal/ipc/listen_unix.go:167.67,169.4 1 1
github.com/penguintechinc/penguin/internal/ipc/listen_unix.go:170.3,170.26 1 1
github.com/penguintechinc/penguin/internal/ipc/listen_unix.go:185.67,186.46 1 10
github.com/penguintechinc/penguin/internal/ipc/listen_unix.go:186.46,188.3 1 4
github.com/penguintechinc/penguin/internal/ipc/listen_unix.go:189.2,189.24 1 6
github.com/penguintechinc/penguin/internal/ipc/listen_unix.go:189.24,191.3 1 2
github.com/penguintechinc/penguin/internal/ipc/listen_unix.go:193.2,194.16 2 4
github.com/penguintechinc/penguin/internal/ipc/listen_unix.go:194.16,196.3 1 1
github.com/penguintechinc/penguin/internal/ipc/listen_unix.go:197.2,197.40 1 3
github.com/penguintechinc/penguin/internal/ipc/listen_unix.go:197.40,199.3 1 1
github.com/penguintechinc/penguin/internal/ipc/listen_unix.go:202.2,203.16 2 2
github.com/penguintechinc/penguin/internal/ipc/listen_unix.go:203.16,205.3 1 1
github.com/penguintechinc/penguin/internal/ipc/listen_unix.go:206.2,207.16 2 1
github.com/penguintechinc/penguin/internal/ipc/listen_unix.go:207.16,209.3 1 0
github.com/penguintechinc/penguin/internal/ipc/listen_unix.go:210.2,210.27 1 1
github.com/penguintechinc/penguin/internal/ipc/listen_unix.go:210.27,211.21 1 2
github.com/penguintechinc/penguin/internal/ipc/listen_unix.go:211.21,213.4 1 1
github.com/penguintechinc/penguin/internal/ipc/listen_unix.go:215.2,215.14 1 0
github.com/penguintechinc/penguin/internal/ipc/listen_unix.go:218.68,220.9 2 8
github.com/penguintechinc/penguin/internal/ipc/listen_unix.go:220.9,222.3 1 1
github.com/penguintechinc/penguin/internal/ipc/listen_unix.go:224.2,225.9 2 7
github.com/penguintechinc/penguin/internal/ipc/listen_unix.go:225.9,227.3 1 1
github.com/penguintechinc/penguin/internal/ipc/listen_unix.go:229.2,229.36 1 6
github.com/penguintechinc/penguin/internal/ipc/listen_unix.go:229.36,231.3 1 3
github.com/penguintechinc/penguin/internal/ipc/listen_unix.go:232.2,232.107 1 3
github.com/penguintechinc/penguin/cmd/penguind/main.go:31.13,32.41 1 0
github.com/penguintechinc/penguin/cmd/penguind/main.go:32.41,35.3 2 0
github.com/penguintechinc/penguin/cmd/penguind/main.go:38.31,40.72 1 0
github.com/penguintechinc/penguin/cmd/penguind/main.go:40.72,43.3 2 0
github.com/penguintechinc/penguin/cmd/penguind/main.go:46.2,51.39 5 0
github.com/penguintechinc/penguin/cmd/penguind/main.go:51.39,53.3 1 0
github.com/penguintechinc/penguin/cmd/penguind/main.go:56.2,57.16 2 0
github.com/penguintechinc/penguin/cmd/penguind/main.go:57.16,59.3 1 0
github.com/penguintechinc/penguin/cmd/penguind/main.go:60.2,60.15 1 0
github.com/penguintechinc/penguin/cmd/penguind/main.go:60.15,62.3 1 0
github.com/penguintechinc/penguin/cmd/penguind/main.go:64.2,69.16 4 0
github.com/penguintechinc/penguin/cmd/penguind/main.go:69.16,75.3 2 0
github.com/penguintechinc/penguin/cmd/penguind/main.go:78.2,78.23 1 0
github.com/penguintechinc/penguin/cmd/penguind/main.go:78.23,80.3 1 0
github.com/penguintechinc/penguin/cmd/penguind/main.go:83.2,83.54 1 0
github.com/penguintechinc/penguin/cmd/penguind/main.go:83.54,85.3 1 0
github.com/penguintechinc/penguin/cmd/penguind/main.go:89.2,90.16 2 0
github.com/penguintechinc/penguin/cmd/penguind/main.go:90.16,92.3 1 0
github.com/penguintechinc/penguin/cmd/penguind/main.go:93.2,93.15 1 0
github.com/penguintechinc/penguin/cmd/penguind/main.go:93.15,93.36 1 0
github.com/penguintechinc/penguin/cmd/penguind/main.go:96.2,99.44 1 0
github.com/penguintechinc/penguin/cmd/penguind/main.go:99.44,103.4 1 0
github.com/penguintechinc/penguin/cmd/penguind/main.go:105.2,105.16 1 0
github.com/penguintechinc/penguin/cmd/penguind/main.go:105.16,107.3 1 0
github.com/penguintechinc/penguin/cmd/penguind/main.go:110.2,119.12 3 0
github.com/penguintechinc/penguin/cmd/penguind/main.go:119.12,120.67 1 0
github.com/penguintechinc/penguin/cmd/penguind/main.go:120.67,122.4 1 0
github.com/penguintechinc/penguin/cmd/penguind/main.go:126.2,131.41 3 0
github.com/penguintechinc/penguin/cmd/penguind/main.go:131.41,134.3 2 0
github.com/penguintechinc/penguin/cmd/penguind/main.go:137.2,137.58 1 0
github.com/penguintechinc/penguin/cmd/penguind/main.go:137.58,139.17 2 0
github.com/penguintechinc/penguin/cmd/penguind/main.go:139.17,144.4 2 0
github.com/penguintechinc/penguin/cmd/penguind/main.go:145.3,145.98 1 0
github.com/penguintechinc/penguin/cmd/penguind/main.go:149.2,171.16 5 0
github.com/penguintechinc/penguin/cmd/penguind/main.go:171.16,173.3 1 0
github.com/penguintechinc/penguin/cmd/penguind/main.go:174.2,174.15 1 0
github.com/penguintechinc/penguin/cmd/penguind/main.go:174.15,175.42 1 0
github.com/penguintechinc/penguin/cmd/penguind/main.go:175.42,177.4 1 0
github.com/penguintechinc/penguin/cmd/penguind/main.go:180.2,200.53 9 0
github.com/penguintechinc/penguin/cmd/penguind/main.go:200.53,202.3 1 0
github.com/penguintechinc/penguin/cmd/penguind/main.go:205.2,210.12 4 0
github.com/penguintechinc/penguin/cmd/penguind/main.go:210.12,211.94 1 0
github.com/penguintechinc/penguin/cmd/penguind/main.go:211.94,213.4 1 0
github.com/penguintechinc/penguin/cmd/penguind/main.go:214.3,214.17 1 0
github.com/penguintechinc/penguin/cmd/penguind/main.go:218.2,218.9 1 0
github.com/penguintechinc/penguin/cmd/penguind/main.go:219.24,222.50 3 0
github.com/penguintechinc/penguin/cmd/penguind/main.go:222.50,224.4 1 0
github.com/penguintechinc/penguin/cmd/penguind/main.go:225.3,225.80 1 0
github.com/penguintechinc/penguin/cmd/penguind/main.go:225.80,227.4 1 0
github.com/penguintechinc/penguin/cmd/penguind/main.go:229.24,230.17 1 0
github.com/penguintechinc/penguin/cmd/penguind/main.go:230.17,232.4 1 0
github.com/penguintechinc/penguin/cmd/penguind/main.go:235.2,235.12 1 0
github.com/penguintechinc/penguin/cmd/penguind/main.go:244.86,248.2 1 0
github.com/penguintechinc/penguin/cmd/penguind/main.go:250.70,252.2 1 0
github.com/penguintechinc/penguin/examples/plugin-hello/main.go:16.45,22.2 1 0
github.com/penguintechinc/penguin/examples/plugin-hello/main.go:24.78,27.2 2 0
github.com/penguintechinc/penguin/examples/plugin-hello/main.go:29.56,31.2 1 0
github.com/penguintechinc/penguin/examples/plugin-hello/main.go:33.55,35.2 1 0
github.com/penguintechinc/penguin/examples/plugin-hello/main.go:37.71,41.2 1 0
github.com/penguintechinc/penguin/examples/plugin-hello/main.go:43.68,49.2 1 0
github.com/penguintechinc/penguin/examples/plugin-hello/main.go:51.52,61.2 1 0
github.com/penguintechinc/penguin/examples/plugin-hello/main.go:63.129,64.20 1 0
github.com/penguintechinc/penguin/examples/plugin-hello/main.go:64.20,66.3 1 0
github.com/penguintechinc/penguin/examples/plugin-hello/main.go:68.2,68.24 1 0
github.com/penguintechinc/penguin/examples/plugin-hello/main.go:68.24,69.21 1 0
github.com/penguintechinc/penguin/examples/plugin-hello/main.go:69.21,74.4 1 0
github.com/penguintechinc/penguin/examples/plugin-hello/main.go:75.3,80.9 3 0
github.com/penguintechinc/penguin/examples/plugin-hello/main.go:83.2,83.56 1 0
github.com/penguintechinc/penguin/examples/plugin-hello/main.go:86.45,89.2 1 0
github.com/penguintechinc/penguin/examples/plugin-hello/main.go:91.13,93.2 1 0
github.com/penguintechinc/penguin/cmd/penguin-tray/main.go:26.13,28.81 1 0
github.com/penguintechinc/penguin/cmd/penguin-tray/main.go:28.81,31.3 2 0
github.com/penguintechinc/penguin/cmd/penguin-tray/main.go:33.2,35.46 3 0
github.com/penguintechinc/penguin/cmd/penguin-tray/main.go:35.46,37.3 1 0
github.com/penguintechinc/penguin/cmd/penguin-tray/main.go:39.2,41.16 3 0
github.com/penguintechinc/penguin/cmd/penguin-tray/main.go:41.16,46.3 2 0
github.com/penguintechinc/penguin/cmd/penguin-tray/main.go:47.2,48.16 2 0
github.com/penguintechinc/penguin/cmd/penguin-tray/main.go:48.16,49.18 1 0
github.com/penguintechinc/penguin/cmd/penguin-tray/main.go:49.18,51.4 1 0
github.com/penguintechinc/penguin/cmd/penguin-tray/main.go:52.3,53.13 2 0
github.com/penguintechinc/penguin/cmd/penguin-tray/main.go:56.2,60.38 2 0
github.com/penguintechinc/penguin/cmd/penguin-tray/main.go:63.29,65.2 1 0
github.com/penguintechinc/penguin/cmd/penguin-tray/main.go:73.29,86.6 8 0
github.com/penguintechinc/penguin/cmd/penguin-tray/main.go:86.6,87.10 1 0
github.com/penguintechinc/penguin/cmd/penguin-tray/main.go:88.28,89.14 1 0
github.com/penguintechinc/penguin/cmd/penguin-tray/main.go:90.25,92.10 2 0
github.com/penguintechinc/penguin/cmd/penguin-tray/main.go:93.17,94.10 1 0
github.com/penguintechinc/penguin/cmd/penguin-tray/main.go:99.28,100.19 1 0
github.com/penguintechinc/penguin/cmd/penguin-tray/main.go:100.19,102.3 1 0
github.com/penguintechinc/penguin/cmd/penguin-tray/main.go:103.2,103.20 1 0
github.com/penguintechinc/penguin/cmd/penguin-tray/main.go:109.28,113.16 4 0
github.com/penguintechinc/penguin/cmd/penguin-tray/main.go:113.16,116.3 2 0
github.com/penguintechinc/penguin/cmd/penguin-tray/main.go:117.2,117.89 1 0
github.com/penguintechinc/penguin/cmd/penguin-tray/main.go:122.27,126.16 4 0
github.com/penguintechinc/penguin/cmd/penguin-tray/main.go:126.16,129.3 2 0
github.com/penguintechinc/penguin/cmd/penguin-tray/main.go:130.2,130.6 1 0
github.com/penguintechinc/penguin/cmd/penguin-tray/main.go:130.6,131.42 1 0
github.com/penguintechinc/penguin/cmd/penguin-tray/main.go:131.42,134.4 2 0
github.com/penguintechinc/penguin/cmd/penguin-tray/main.go:135.3,135.13 1 0
github.com/penguintechinc/penguin/cmd/penguin-tray/main.go:140.26,143.6 3 0
github.com/penguintechinc/penguin/cmd/penguin-tray/main.go:143.6,144.10 1 0
github.com/penguintechinc/penguin/cmd/penguin-tray/main.go:145.17,146.10 1 0
github.com/penguintechinc/penguin/cmd/penguin-tray/main.go:147.14,148.14 1 0
github.com/penguintechinc/penguin/cmd/penguin/main.go:23.13,24.41 1 0
github.com/penguintechinc/penguin/cmd/penguin/main.go:24.41,27.3 2 0
github.com/penguintechinc/penguin/cmd/penguin/main.go:37.31,45.33 5 0
github.com/penguintechinc/penguin/cmd/penguin/main.go:45.33,47.35 2 0
github.com/penguintechinc/penguin/cmd/penguin/main.go:47.35,49.9 2 0
github.com/penguintechinc/penguin/cmd/penguin/main.go:51.3,51.44 1 0
github.com/penguintechinc/penguin/cmd/penguin/main.go:51.44,54.12 2 0
github.com/penguintechinc/penguin/cmd/penguin/main.go:56.3,56.40 1 0
github.com/penguintechinc/penguin/cmd/penguin/main.go:56.40,57.12 1 0
github.com/penguintechinc/penguin/cmd/penguin/main.go:61.2,61.64 1 0
github.com/penguintechinc/penguin/cmd/penguin/main.go:61.64,63.3 1 0
github.com/penguintechinc/penguin/cmd/penguin/main.go:66.2,70.16 4 0
github.com/penguintechinc/penguin/cmd/penguin/main.go:70.16,73.3 2 0
github.com/penguintechinc/penguin/cmd/penguin/main.go:74.2,74.15 1 0
github.com/penguintechinc/penguin/cmd/penguin/main.go:74.15,75.38 1 0
github.com/penguintechinc/penguin/cmd/penguin/main.go:75.38,77.4 1 0
github.com/penguintechinc/penguin/cmd/penguin/main.go:80.2,87.61 2 0
github.com/penguintechinc/penguin/cmd/penguin/main.go:87.62,89.4 0 0
github.com/penguintechinc/penguin/cmd/penguin/main.go:93.2,104.67 10 0
github.com/penguintechinc/penguin/cmd/penguin/main.go:104.67,105.46 1 0
github.com/penguintechinc/penguin/cmd/penguin/main.go:105.46,107.4 1 0
github.com/penguintechinc/penguin/cmd/penguin/main.go:109.2,115.33 5 0
github.com/penguintechinc/penguin/cmd/penguin/main.go:120.32,121.16 1 0
github.com/penguintechinc/penguin/cmd/penguin/main.go:121.16,123.3 1 0
github.com/penguintechinc/penguin/cmd/penguin/main.go:124.2,124.75 1 0
github.com/penguintechinc/penguin/cmd/penguin/main.go:124.75,126.3 1 0
github.com/penguintechinc/penguin/cmd/penguin/main.go:127.2,127.12 1 0
github.com/penguintechinc/penguin/cmd/penguin/main.go:131.29,134.2 1 0
github.com/penguintechinc/penguin/cmd/penguin/main.go:137.34,141.55 1 0
github.com/penguintechinc/penguin/cmd/penguin/main.go:141.55,149.18 5 0
github.com/penguintechinc/penguin/cmd/penguin/main.go:149.18,151.5 1 0
github.com/penguintechinc/penguin/cmd/penguin/main.go:153.4,153.14 1 0
github.com/penguintechinc/penguin/cmd/penguin/main.go:159.34,163.55 1 0
github.com/penguintechinc/penguin/cmd/penguin/main.go:163.55,168.18 4 0
github.com/penguintechinc/penguin/cmd/penguin/main.go:168.18,170.5 1 0
github.com/penguintechinc/penguin/cmd/penguin/main.go:172.4,172.16 1 0
github.com/penguintechinc/penguin/cmd/penguin/main.go:172.16,176.5 3 0
github.com/penguintechinc/penguin/cmd/penguin/main.go:178.4,178.30 1 0
github.com/penguintechinc/penguin/cmd/penguin/main.go:178.30,181.5 2 0
github.com/penguintechinc/penguin/cmd/penguin/main.go:183.4,185.35 3 0
github.com/penguintechinc/penguin/cmd/penguin/main.go:185.35,188.5 1 0
github.com/penguintechinc/penguin/cmd/penguin/main.go:190.4,190.14 1 0
github.com/penguintechinc/penguin/cmd/penguin/main.go:196.31,201.55 1 0
github.com/penguintechinc/penguin/cmd/penguin/main.go:201.55,209.18 4 0
github.com/penguintechinc/penguin/cmd/penguin/main.go:209.18,211.11 2 0
github.com/penguintechinc/penguin/cmd/penguin/main.go:211.11,212.23 1 0
github.com/penguintechinc/penguin/cmd/penguin/main.go:213.26,214.56 1 0
github.com/penguintechinc/penguin/cmd/penguin/main.go:215.34,216.70 1 0
github.com/penguintechinc/penguin/cmd/penguin/main.go:219.5,219.15 1 0
github.com/penguintechinc/penguin/cmd/penguin/main.go:222.4,223.14 2 0
github.com/penguintechinc/penguin/cmd/penguin/main.go:229.33,234.55 1 0
github.com/penguintechinc/penguin/cmd/penguin/main.go:234.55,242.18 4 0
github.com/penguintechinc/penguin/cmd/penguin/main.go:242.18,244.5 1 0
github.com/penguintechinc/penguin/cmd/penguin/main.go:246.4,247.14 2 0
github.com/penguintechinc/penguin/cmd/penguin/main.go:253.33,257.55 1 0
github.com/penguintechinc/penguin/cmd/penguin/main.go:257.55,259.21 2 0
github.com/penguintechinc/penguin/cmd/penguin/main.go:259.21,261.5 1 0
github.com/penguintechinc/penguin/cmd/penguin/main.go:263.4,270.18 4 0
github.com/penguintechinc/penguin/cmd/penguin/main.go:270.18,272.5 1 0
github.com/penguintechinc/penguin/cmd/penguin/main.go:274.4,274.16 1 0
github.com/penguintechinc/penguin/cmd/penguin/main.go:274.16,278.5 3 0
github.com/penguintechinc/penguin/cmd/penguin/main.go:280.4,282.30 2 0
github.com/penguintechinc/penguin/cmd/penguin/main.go:282.30,285.5 2 0
github.com/penguintechinc/penguin/cmd/penguin/main.go:287.4,289.35 3 0
github.com/penguintechinc/penguin/cmd/penguin/main.go:289.35,291.5 1 0
github.com/penguintechinc/penguin/cmd/penguin/main.go:293.4,293.14 1 0
github.com/penguintechinc/penguin/cmd/penguin/main.go:297.2,297.12 1 0
github.com/penguintechinc/penguin/cmd/penguin/main.go:301.31,308.55 3 0
github.com/penguintechinc/penguin/cmd/penguin/main.go:308.55,310.21 2 0
github.com/penguintechinc/penguin/cmd/penguin/main.go:310.21,312.5 1 0
github.com/penguintechinc/penguin/cmd/penguin/main.go:314.4,317.34 3 0
github.com/penguintechinc/penguin/cmd/penguin/main.go:317.34,319.5 1 0
github.com/penguintechinc/penguin/cmd/penguin/main.go:320.4,326.18 2 0
github.com/penguintechinc/penguin/cmd/penguin/main.go:326.18,328.47 2 0
github.com/penguintechinc/penguin/cmd/penguin/main.go:328.47,331.6 2 0
github.com/penguintechinc/penguin/cmd/penguin/main.go:332.5,332.15 1 0
github.com/penguintechinc/penguin/cmd/penguin/main.go:335.4,335.8 1 0
github.com/penguintechinc/penguin/cmd/penguin/main.go:335.8,337.19 2 0
github.com/penguintechinc/penguin/cmd/penguin/main.go:337.19,338.11 1 0
github.com/penguintechinc/penguin/cmd/penguin/main.go:341.5,342.62 2 0
github.com/penguintechinc/penguin/cmd/penguin/main.go:345.4,345.14 1 0
github.com/penguintechinc/penguin/cmd/penguin/main.go:349.2,352.12 3 0
github.com/penguintechinc/penguin/cmd/penguin/main.go:356.33,362.55 2 0
github.com/penguintechinc/penguin/cmd/penguin/main.go:362.55,370.18 4 0
github.com/penguintechinc/penguin/cmd/penguin/main.go:370.18,372.5 1 0
github.com/penguintechinc/penguin/cmd/penguin/main.go:374.4,377.28 3 0
github.com/penguintechinc/penguin/cmd/penguin/main.go:377.28,380.5 2 0
github.com/penguintechinc/penguin/cmd/penguin/main.go:382.4,382.12 1 0
github.com/penguintechinc/penguin/cmd/penguin/main.go:382.12,385.50 3 0
github.com/penguintechinc/penguin/cmd/penguin/main.go:385.50,388.6 1 0
github.com/penguintechinc/penguin/cmd/penguin/main.go:389.5,389.41 1 0
github.com/penguintechinc/penguin/cmd/penguin/main.go:389.41,391.6 1 0
github.com/penguintechinc/penguin/cmd/penguin/main.go:395.4,401.18 4 0
github.com/penguintechinc/penguin/cmd/penguin/main.go:401.18,403.5 1 0
github.com/penguintechinc/penguin/cmd/penguin/main.go:405.4,405.25 1 0
github.com/penguintechinc/penguin/cmd/penguin/main.go:405.25,407.5 1 0
github.com/penguintechinc/penguin/cmd/penguin/main.go:407.10,409.5 1 0
github.com/penguintechinc/penguin/cmd/penguin/main.go:411.4,411.14 1 0
github.com/penguintechinc/penguin/cmd/penguin/main.go:415.2,417.12 2 0
github.com/penguintechinc/penguin/internal/modules/tobogganing/auth.go:39.107,53.2 3 84
github.com/penguintechinc/penguin/internal/modules/tobogganing/auth.go:56.67,61.53 3 27
github.com/penguintechinc/penguin/internal/modules/tobogganing/auth.go:61.53,63.3 1 4
github.com/penguintechinc/penguin/internal/modules/tobogganing/auth.go:66.2,66.26 1 23
github.com/penguintechinc/penguin/internal/modules/tobogganing/auth.go:66.26,67.51 1 2
github.com/penguintechinc/penguin/internal/modules/tobogganing/auth.go:67.51,69.4 1 1
github.com/penguintechinc/penguin/internal/modules/tobogganing/auth.go:70.3,70.76 1 1
github.com/penguintechinc/penguin/internal/modules/tobogganing/auth.go:74.2,75.16 2 22
github.com/penguintechinc/penguin/internal/modules/tobogganing/auth.go:75.16,77.3 1 9
github.com/penguintechinc/penguin/internal/modules/tobogganing/auth.go:79.2,79.41 1 13
github.com/penguintechinc/penguin/internal/modules/tobogganing/auth.go:83.63,87.26 3 7
github.com/penguintechinc/penguin/internal/modules/tobogganing/auth.go:87.26,89.3 1 2
github.com/penguintechinc/penguin/internal/modules/tobogganing/auth.go:91.2,91.34 1 5
github.com/penguintechinc/penguin/internal/modules/tobogganing/auth.go:95.68,99.19 3 5
github.com/penguintechinc/penguin/internal/modules/tobogganing/auth.go:99.19,101.3 1 1
github.com/penguintechinc/penguin/internal/modules/tobogganing/auth.go:103.2,103.44 1 4
github.com/penguintechinc/penguin/internal/modules/tobogganing/auth.go:107.62,112.17 4 11
github.com/penguintechinc/penguin/internal/modules/tobogganing/auth.go:112.17,114.3 1 7
github.com/penguintechinc/penguin/internal/modules/tobogganing/auth.go:117.2,118.16 2 4
github.com/penguintechinc/penguin/internal/modules/tobogganing/auth.go:118.16,120.3 1 0
github.com/penguintechinc/penguin/internal/modules/tobogganing/auth.go:122.2,125.16 3 4
github.com/penguintechinc/penguin/internal/modules/tobogganing/auth.go:125.16,127.3 1 1
github.com/penguintechinc/penguin/internal/modules/tobogganing/auth.go:128.2,128.15 1 3
github.com/penguintechinc/penguin/internal/modules/tobogganing/auth.go:128.15,128.40 1 3
github.com/penguintechinc/penguin/internal/modules/tobogganing/auth.go:130.2,130.38 1 3
github.com/penguintechinc/penguin/internal/modules/tobogganing/auth.go:130.38,132.3 1 2
github.com/penguintechinc/penguin/internal/modules/tobogganing/auth.go:135.2,144.12 8 1
github.com/penguintechinc/penguin/internal/modules/tobogganing/auth.go:148.41,152.2 3 27
github.com/penguintechinc/penguin/internal/modules/tobogganing/auth.go:156.83,164.16 4 13
github.com/penguintechinc/penguin/internal/modules/tobogganing/auth.go:164.16,166.3 1 0
github.com/penguintechinc/penguin/internal/modules/tobogganing/auth.go:168.2,171.16 3 13
github.com/penguintechinc/penguin/internal/modules/tobogganing/auth.go:171.16,173.3 1 2
github.com/penguintechinc/penguin/internal/modules/tobogganing/auth.go:174.2,174.15 1 11
github.com/penguintechinc/penguin/internal/modules/tobogganing/auth.go:174.15,174.40 1 11
github.com/penguintechinc/penguin/internal/modules/tobogganing/auth.go:176.2,176.38 1 11
github.com/penguintechinc/penguin/internal/modules/tobogganing/auth.go:176.38,179.3 2 1
github.com/penguintechinc/penguin/internal/modules/tobogganing/auth.go:181.2,182.70 2 10
github.com/penguintechinc/penguin/internal/modules/tobogganing/auth.go:182.70,184.3 1 1
github.com/penguintechinc/penguin/internal/modules/tobogganing/auth.go:187.2,187.65 1 9
github.com/penguintechinc/penguin/internal/modules/tobogganing/auth.go:187.65,188.74 1 1
github.com/penguintechinc/penguin/internal/modules/tobogganing/auth.go:188.74,190.4 1 1
github.com/penguintechinc/penguin/internal/modules/tobogganing/auth.go:193.2,199.34 5 9
github.com/penguintechinc/penguin/internal/modules/tobogganing/auth.go:199.34,201.3 1 4
github.com/penguintechinc/penguin/internal/modules/tobogganing/auth.go:203.2,204.12 2 9
github.com/penguintechinc/penguin/internal/modules/tobogganing/auth.go:207.69,215.16 4 7
github.com/penguintechinc/penguin/internal/modules/tobogganing/auth.go:215.16,217.3 1 0
github.com/penguintechinc/penguin/internal/modules/tobogganing/auth.go:219.2,222.16 3 7
github.com/penguintechinc/penguin/internal/modules/tobogganing/auth.go:222.16,224.3 1 1
github.com/penguintechinc/penguin/internal/modules/tobogganing/auth.go:225.2,225.15 1 6
github.com/penguintechinc/penguin/internal/modules/tobogganing/auth.go:225.15,225.40 1 6
github.com/penguintechinc/penguin/internal/modules/tobogganing/auth.go:227.2,227.38 1 6
github.com/penguintechinc/penguin/internal/modules/tobogganing/auth.go:227.38,229.3 1 1
github.com/penguintechinc/penguin/internal/modules/tobogganing/auth.go:231.2,232.70 2 5
github.com/penguintechinc/penguin/internal/modules/tobogganing/auth.go:232.70,234.3 1 1
github.com/penguintechinc/penguin/internal/modules/tobogganing/auth.go:237.2,237.65 1 4
github.com/penguintechinc/penguin/internal/modules/tobogganing/auth.go:237.65,238.74 1 1
github.com/penguintechinc/penguin/internal/modules/tobogganing/auth.go:238.74,240.4 1 1
github.com/penguintechinc/penguin/internal/modules/tobogganing/auth.go:243.2,244.34 2 4
github.com/penguintechinc/penguin/internal/modules/tobogganing/auth.go:244.34,246.3 1 4
github.com/penguintechinc/penguin/internal/modules/tobogganing/auth.go:247.2,251.34 3 4
github.com/penguintechinc/penguin/internal/modules/tobogganing/auth.go:251.34,253.3 1 4
github.com/penguintechinc/penguin/internal/modules/tobogganing/auth.go:255.2,256.12 2 4
github.com/penguintechinc/penguin/internal/modules/tobogganing/auth.go:259.81,261.16 2 9
github.com/penguintechinc/penguin/internal/modules/tobogganing/auth.go:261.16,263.3 1 5
github.com/penguintechinc/penguin/internal/modules/tobogganing/auth.go:265.2,265.52 1 4
github.com/penguintechinc/penguin/internal/modules/tobogganing/auth.go:265.52,266.45 1 4
github.com/penguintechinc/penguin/internal/modules/tobogganing/auth.go:266.45,268.4 1 3
github.com/penguintechinc/penguin/internal/modules/tobogganing/auth.go:271.2,271.60 1 1
github.com/penguintechinc/penguin/internal/modules/tobogganing/auth.go:274.51,276.16 2 22
github.com/penguintechinc/penguin/internal/modules/tobogganing/auth.go:276.16,278.3 1 9
github.com/penguintechinc/penguin/internal/modules/tobogganing/auth.go:279.2,279.25 1 13
github.com/penguintechinc/penguin/internal/modules/tobogganing/auth.go:282.47,284.16 2 84
github.com/penguintechinc/penguin/internal/modules/tobogganing/auth.go:284.16,286.3 1 81
github.com/penguintechinc/penguin/internal/modules/tobogganing/auth.go:288.2,294.59 4 3
github.com/penguintechinc/penguin/internal/modules/tobogganing/auth.go:294.59,296.3 1 0
github.com/penguintechinc/penguin/internal/modules/tobogganing/auth.go:299.2,299.63 1 3
github.com/penguintechinc/penguin/internal/modules/tobogganing/auth.go:299.63,301.3 1 1
github.com/penguintechinc/penguin/internal/modules/tobogganing/auth.go:303.2,303.12 1 3
github.com/penguintechinc/penguin/internal/modules/tobogganing/fake.go:20.46,25.2 1 13
github.com/penguintechinc/penguin/internal/modules/tobogganing/fake.go:27.56,29.30 2 1
github.com/penguintechinc/penguin/internal/modules/tobogganing/fake.go:29.30,31.3 1 1
github.com/penguintechinc/penguin/internal/modules/tobogganing/fake.go:32.2,32.19 1 1
github.com/penguintechinc/penguin/internal/modules/tobogganing/fake.go:35.42,37.2 1 1
github.com/penguintechinc/penguin/internal/modules/tobogganing/fake.go:39.73,40.36 1 1
github.com/penguintechinc/penguin/internal/modules/tobogganing/fake.go:40.36,42.3 1 1
github.com/penguintechinc/penguin/internal/modules/tobogganing/fake.go:43.2,43.17 1 0
github.com/penguintechinc/penguin/internal/modules/tobogganing/fake.go:46.78,49.35 2 6
github.com/penguintechinc/penguin/internal/modules/tobogganing/fake.go:49.35,53.3 1 5
github.com/penguintechinc/penguin/internal/modules/tobogganing/fake.go:54.2,54.12 1 6
github.com/penguintechinc/penguin/internal/modules/tobogganing/fake.go:58.71,60.2 1 3
github.com/penguintechinc/penguin/internal/modules/tobogganing/fake.go:67.59,68.33 1 111
github.com/penguintechinc/penguin/internal/modules/tobogganing/fake.go:68.33,70.3 1 18
github.com/penguintechinc/penguin/internal/modules/tobogganing/fake.go:71.2,71.35 1 93
github.com/penguintechinc/penguin/internal/modules/tobogganing/fake.go:74.63,77.2 2 40
github.com/penguintechinc/penguin/internal/modules/tobogganing/fake.go:79.52,82.2 2 3
github.com/penguintechinc/penguin/internal/modules/tobogganing/fake.go:90.62,92.2 1 2
github.com/penguintechinc/penguin/internal/modules/tobogganing/fake.go:94.44,96.2 1 2
github.com/penguintechinc/penguin/internal/modules/tobogganing/fake.go:103.47,105.2 1 1
github.com/penguintechinc/penguin/internal/modules/tobogganing/fake.go:118.49,120.2 1 50
github.com/penguintechinc/penguin/internal/modules/tobogganing/fake.go:122.54,124.2 1 50
github.com/penguintechinc/penguin/internal/modules/tobogganing/fake.go:126.57,128.2 1 1
github.com/penguintechinc/penguin/internal/modules/tobogganing/fake.go:130.60,132.2 1 46
github.com/penguintechinc/penguin/internal/modules/tobogganing/fake.go:134.45,136.2 1 46
github.com/penguintechinc/penguin/internal/modules/tobogganing/fake.go:138.44,140.2 1 99
github.com/penguintechinc/penguin/internal/modules/tobogganing/fake.go:142.51,144.2 1 1
github.com/penguintechinc/penguin/internal/modules/tobogganing/fake.go:147.72,157.2 1 51
github.com/penguintechinc/penguin/internal/modules/tobogganing/fake.go:165.130,166.48 1 2
github.com/penguintechinc/penguin/internal/modules/tobogganing/fake.go:166.48,168.3 1 1
github.com/penguintechinc/penguin/internal/modules/tobogganing/fake.go:170.2,170.38 1 1
github.com/penguintechinc/penguin/internal/modules/tobogganing/fake.go:170.38,174.3 3 1
github.com/penguintechinc/penguin/internal/modules/tobogganing/fake.go:176.2,176.12 1 0
github.com/penguintechinc/penguin/internal/modules/tobogganing/module.go:67.23,72.2 1 53
github.com/penguintechinc/penguin/internal/modules/tobogganing/module.go:80.40,86.2 1 1
github.com/penguintechinc/penguin/internal/modules/tobogganing/module.go:89.73,101.28 4 49
github.com/penguintechinc/penguin/internal/modules/tobogganing/module.go:101.28,102.60 1 49
github.com/penguintechinc/penguin/internal/modules/tobogganing/module.go:102.60,104.4 1 1
github.com/penguintechinc/penguin/internal/modules/tobogganing/module.go:107.2,107.26 1 48
github.com/penguintechinc/penguin/internal/modules/tobogganing/module.go:107.26,109.3 1 2
github.com/penguintechinc/penguin/internal/modules/tobogganing/module.go:111.2,111.22 1 46
github.com/penguintechinc/penguin/internal/modules/tobogganing/module.go:111.22,113.3 1 1
github.com/penguintechinc/penguin/internal/modules/tobogganing/module.go:115.2,124.16 4 45
github.com/penguintechinc/penguin/internal/modules/tobogganing/module.go:124.16,126.3 1 0
github.com/penguintechinc/penguin/internal/modules/tobogganing/module.go:127.2,134.58 4 45
github.com/penguintechinc/penguin/internal/modules/tobogganing/module.go:134.58,136.3 1 0
github.com/penguintechinc/penguin/internal/modules/tobogganing/module.go:139.2,142.12 3 45
github.com/penguintechinc/penguin/internal/modules/tobogganing/module.go:146.67,174.57 2 45
github.com/penguintechinc/penguin/internal/modules/tobogganing/module.go:174.57,176.3 1 0
github.com/penguintechinc/penguin/internal/modules/tobogganing/module.go:177.2,177.61 1 45
github.com/penguintechinc/penguin/internal/modules/tobogganing/module.go:177.61,179.3 1 0
github.com/penguintechinc/penguin/internal/modules/tobogganing/module.go:180.2,180.56 1 45
github.com/penguintechinc/penguin/internal/modules/tobogganing/module.go:180.56,182.3 1 0
github.com/penguintechinc/penguin/internal/modules/tobogganing/module.go:183.2,183.56 1 45
github.com/penguintechinc/penguin/internal/modules/tobogganing/module.go:183.56,185.3 1 0
github.com/penguintechinc/penguin/internal/modules/tobogganing/module.go:186.2,186.63 1 45
github.com/penguintechinc/penguin/internal/modules/tobogganing/module.go:186.63,188.3 1 0
github.com/penguintechinc/penguin/internal/modules/tobogganing/module.go:189.2,189.59 1 45
github.com/penguintechinc/penguin/internal/modules/tobogganing/module.go:189.59,191.3 1 0
github.com/penguintechinc/penguin/internal/modules/tobogganing/module.go:193.2,193.12 1 45
github.com/penguintechinc/penguin/internal/modules/tobogganing/module.go:197.38,201.2 0 46
github.com/penguintechinc/penguin/internal/modules/tobogganing/module.go:204.51,208.15 3 9
github.com/penguintechinc/penguin/internal/modules/tobogganing/module.go:208.15,210.3 1 2
github.com/penguintechinc/penguin/internal/modules/tobogganing/module.go:212.2,213.22 2 7
github.com/penguintechinc/penguin/internal/modules/tobogganing/module.go:213.22,215.3 1 7
github.com/penguintechinc/penguin/internal/modules/tobogganing/module.go:217.2,230.12 5 7
github.com/penguintechinc/penguin/internal/modules/tobogganing/module.go:235.54,236.56 1 9
github.com/penguintechinc/penguin/internal/modules/tobogganing/module.go:236.56,238.23 2 7
github.com/penguintechinc/penguin/internal/modules/tobogganing/module.go:238.23,240.4 1 7
github.com/penguintechinc/penguin/internal/modules/tobogganing/module.go:241.3,241.9 1 7
github.com/penguintechinc/penguin/internal/modules/tobogganing/module.go:243.2,243.47 1 2
github.com/penguintechinc/penguin/internal/modules/tobogganing/module.go:243.47,245.23 2 1
github.com/penguintechinc/penguin/internal/modules/tobogganing/module.go:245.23,247.4 1 1
github.com/penguintechinc/penguin/internal/modules/tobogganing/module.go:252.50,254.16 2 11
github.com/penguintechinc/penguin/internal/modules/tobogganing/module.go:254.16,257.3 2 4
github.com/penguintechinc/penguin/internal/modules/tobogganing/module.go:258.2,267.21 5 7
github.com/penguintechinc/penguin/internal/modules/tobogganing/module.go:267.21,268.50 1 7
github.com/penguintechinc/penguin/internal/modules/tobogganing/module.go:268.50,270.4 1 0
github.com/penguintechinc/penguin/internal/modules/tobogganing/module.go:274.2,274.22 1 7
github.com/penguintechinc/penguin/internal/modules/tobogganing/module.go:274.22,275.52 1 7
github.com/penguintechinc/penguin/internal/modules/tobogganing/module.go:275.52,277.4 1 1
github.com/penguintechinc/penguin/internal/modules/tobogganing/module.go:280.2,280.22 1 7
github.com/penguintechinc/penguin/internal/modules/tobogganing/module.go:280.22,282.3 1 7
github.com/penguintechinc/penguin/internal/modules/tobogganing/module.go:284.2,285.12 2 7
github.com/penguintechinc/penguin/internal/modules/tobogganing/module.go:289.66,295.13 5 10
github.com/penguintechinc/penguin/internal/modules/tobogganing/module.go:295.13,297.3 1 1
github.com/penguintechinc/penguin/internal/modules/tobogganing/module.go:299.2,303.21 2 10
github.com/penguintechinc/penguin/internal/modules/tobogganing/module.go:303.21,304.29 1 10
github.com/penguintechinc/penguin/internal/modules/tobogganing/module.go:304.29,306.4 1 2
github.com/penguintechinc/penguin/internal/modules/tobogganing/module.go:307.3,307.49 1 10
github.com/penguintechinc/penguin/internal/modules/tobogganing/module.go:307.49,310.4 2 10
github.com/penguintechinc/penguin/internal/modules/tobogganing/module.go:313.2,316.8 1 10
github.com/penguintechinc/penguin/internal/modules/tobogganing/module.go:320.63,329.2 3 7
github.com/penguintechinc/penguin/internal/modules/tobogganing/module.go:332.47,373.2 1 1
github.com/penguintechinc/penguin/internal/modules/tobogganing/module.go:376.124,377.20 1 16
github.com/penguintechinc/penguin/internal/modules/tobogganing/module.go:377.20,382.3 1 1
github.com/penguintechinc/penguin/internal/modules/tobogganing/module.go:384.2,385.13 2 15
github.com/penguintechinc/penguin/internal/modules/tobogganing/module.go:386.17,387.27 1 3
github.com/penguintechinc/penguin/internal/modules/tobogganing/module.go:388.20,389.30 1 3
github.com/penguintechinc/penguin/internal/modules/tobogganing/module.go:390.16,392.46 2 4
github.com/penguintechinc/penguin/internal/modules/tobogganing/module.go:393.16,395.47 2 4
github.com/penguintechinc/penguin/internal/modules/tobogganing/module.go:396.10,400.9 1 1
github.com/penguintechinc/penguin/internal/modules/tobogganing/module.go:405.40,452.2 2 2
github.com/penguintechinc/penguin/internal/modules/tobogganing/module.go:456.71,457.47 1 3
github.com/penguintechinc/penguin/internal/modules/tobogganing/module.go:457.47,462.3 1 2
github.com/penguintechinc/penguin/internal/modules/tobogganing/module.go:463.2,466.8 1 1
github.com/penguintechinc/penguin/internal/modules/tobogganing/module.go:469.74,470.49 1 3
github.com/penguintechinc/penguin/internal/modules/tobogganing/module.go:470.49,475.3 1 0
github.com/penguintechinc/penguin/internal/modules/tobogganing/module.go:476.2,476.22 1 3
github.com/penguintechinc/penguin/internal/modules/tobogganing/module.go:476.22,478.3 1 3
github.com/penguintechinc/penguin/internal/modules/tobogganing/module.go:479.2,482.8 1 3
github.com/penguintechinc/penguin/internal/modules/tobogganing/module.go:485.83,487.16 2 4
github.com/penguintechinc/penguin/internal/modules/tobogganing/module.go:487.16,492.3 1 0
github.com/penguintechinc/penguin/internal/modules/tobogganing/module.go:494.2,494.12 1 4
github.com/penguintechinc/penguin/internal/modules/tobogganing/module.go:494.12,505.3 3 2
github.com/penguintechinc/penguin/internal/modules/tobogganing/module.go:507.2,508.34 2 2
github.com/penguintechinc/penguin/internal/modules/tobogganing/module.go:508.34,510.3 1 6
github.com/penguintechinc/penguin/internal/modules/tobogganing/module.go:512.2,515.8 1 2
github.com/penguintechinc/penguin/internal/modules/tobogganing/module.go:518.82,519.51 1 4
github.com/penguintechinc/penguin/internal/modules/tobogganing/module.go:519.51,524.3 1 3
github.com/penguintechinc/penguin/internal/modules/tobogganing/module.go:525.2,528.8 1 1
github.com/penguintechinc/penguin/internal/modules/tobogganing/module.go:533.61,535.16 2 7
github.com/penguintechinc/penguin/internal/modules/tobogganing/module.go:535.16,538.3 2 4
github.com/penguintechinc/penguin/internal/modules/tobogganing/module.go:539.2,542.56 2 3
github.com/penguintechinc/penguin/internal/modules/tobogganing/module.go:542.56,544.3 1 0
github.com/penguintechinc/penguin/internal/modules/tobogganing/module.go:547.2,547.57 1 3
github.com/penguintechinc/penguin/internal/modules/tobogganing/module.go:547.57,548.23 1 0
github.com/penguintechinc/penguin/internal/modules/tobogganing/module.go:548.23,550.4 1 0
github.com/penguintechinc/penguin/internal/modules/tobogganing/module.go:551.3,551.59 1 0
github.com/penguintechinc/penguin/internal/modules/tobogganing/module.go:554.2,554.22 1 3
github.com/penguintechinc/penguin/internal/modules/tobogganing/module.go:554.22,556.3 1 3
github.com/penguintechinc/penguin/internal/modules/tobogganing/module.go:558.2,559.12 2 3
github.com/penguintechinc/penguin/internal/modules/tobogganing/module.go:562.70,564.2 1 4
github.com/penguintechinc/penguin/internal/modules/tobogganing/module.go:567.55,571.6 3 7
github.com/penguintechinc/penguin/internal/modules/tobogganing/module.go:571.6,572.10 1 7
github.com/penguintechinc/penguin/internal/modules/tobogganing/module.go:573.19,574.10 1 7
github.com/penguintechinc/penguin/internal/modules/tobogganing/module.go:575.19,576.49 1 0
github.com/penguintechinc/penguin/internal/modules/tobogganing/module.go:576.49,578.55 2 0
github.com/penguintechinc/penguin/internal/modules/tobogganing/module.go:578.55,580.26 2 0
github.com/penguintechinc/penguin/internal/modules/tobogganing/module.go:580.26,582.7 1 0
github.com/penguintechinc/penguin/internal/modules/tobogganing/module.go:583.6,583.14 1 0
github.com/penguintechinc/penguin/internal/modules/tobogganing/module.go:585.5,585.25 1 0
github.com/penguintechinc/penguin/internal/modules/tobogganing/module.go:585.25,587.6 1 0
github.com/penguintechinc/penguin/internal/modules/tobogganing/module.go:588.5,588.38 1 0
github.com/penguintechinc/penguin/internal/modules/tobogganing/module.go:595.51,599.6 3 7
github.com/penguintechinc/penguin/internal/modules/tobogganing/module.go:599.6,600.10 1 7
github.com/penguintechinc/penguin/internal/modules/tobogganing/module.go:601.19,602.10 1 7
github.com/penguintechinc/penguin/internal/modules/tobogganing/module.go:603.19,604.25 1 0
github.com/penguintechinc/penguin/internal/modules/tobogganing/module.go:610.38,614.29 3 5
github.com/penguintechinc/penguin/internal/modules/tobogganing/module.go:614.29,621.3 2 3
github.com/penguintechinc/penguin/internal/modules/tobogganing/module.go:623.2,626.22 3 2
github.com/penguintechinc/penguin/internal/modules/tobogganing/module.go:626.22,628.3 1 2
github.com/penguintechinc/penguin/internal/modules/tobogganing/module.go:631.2,631.25 1 2
github.com/penguintechinc/penguin/internal/modules/tobogganing/module.go:631.25,638.3 2 1
github.com/penguintechinc/penguin/internal/modules/tobogganing/module.go:640.2,644.3 1 1
github.com/penguintechinc/penguin/internal/modules/tobogganing/vpn.go:59.56,61.16 2 0
github.com/penguintechinc/penguin/internal/modules/tobogganing/vpn.go:61.16,63.3 1 0
github.com/penguintechinc/penguin/internal/modules/tobogganing/vpn.go:64.2,65.28 2 0
github.com/penguintechinc/penguin/internal/modules/tobogganing/vpn.go:65.28,67.3 1 0
github.com/penguintechinc/penguin/internal/modules/tobogganing/vpn.go:68.2,68.19 1 0
github.com/penguintechinc/penguin/internal/modules/tobogganing/vpn.go:71.42,73.2 1 0
github.com/penguintechinc/penguin/internal/modules/tobogganing/vpn.go:75.73,77.2 1 0
github.com/penguintechinc/penguin/internal/modules/tobogganing/vpn.go:79.78,84.2 1 0
github.com/penguintechinc/penguin/internal/modules/tobogganing/vpn.go:87.90,89.16 2 62
github.com/penguintechinc/penguin/internal/modules/tobogganing/vpn.go:89.16,93.3 2 0
github.com/penguintechinc/penguin/internal/modules/tobogganing/vpn.go:95.2,96.21 2 62
github.com/penguintechinc/penguin/internal/modules/tobogganing/vpn.go:96.21,98.3 1 62
github.com/penguintechinc/penguin/internal/modules/tobogganing/vpn.go:98.8,100.3 1 0
github.com/penguintechinc/penguin/internal/modules/tobogganing/vpn.go:102.2,108.3 1 62
github.com/penguintechinc/penguin/internal/modules/tobogganing/vpn.go:112.79,116.17 3 10
github.com/penguintechinc/penguin/internal/modules/tobogganing/vpn.go:116.17,118.3 1 1
github.com/penguintechinc/penguin/internal/modules/tobogganing/vpn.go:121.2,122.16 2 9
github.com/penguintechinc/penguin/internal/modules/tobogganing/vpn.go:122.16,124.3 1 1
github.com/penguintechinc/penguin/internal/modules/tobogganing/vpn.go:126.2,130.16 3 8
github.com/penguintechinc/penguin/internal/modules/tobogganing/vpn.go:130.16,132.3 1 0
github.com/penguintechinc/penguin/internal/modules/tobogganing/vpn.go:135.2,136.16 2 8
github.com/penguintechinc/penguin/internal/modules/tobogganing/vpn.go:136.16,138.3 1 1
github.com/penguintechinc/penguin/internal/modules/tobogganing/vpn.go:141.2,142.16 2 7
github.com/penguintechinc/penguin/internal/modules/tobogganing/vpn.go:142.16,144.3 1 1
github.com/penguintechinc/penguin/internal/modules/tobogganing/vpn.go:147.2,148.45 2 6
github.com/penguintechinc/penguin/internal/modules/tobogganing/vpn.go:148.45,150.17 2 6
github.com/penguintechinc/penguin/internal/modules/tobogganing/vpn.go:150.17,152.4 1 1
github.com/penguintechinc/penguin/internal/modules/tobogganing/vpn.go:153.3,153.31 1 5
github.com/penguintechinc/penguin/internal/modules/tobogganing/vpn.go:156.2,172.76 3 5
github.com/penguintechinc/penguin/internal/modules/tobogganing/vpn.go:172.76,174.3 1 1
github.com/penguintechinc/penguin/internal/modules/tobogganing/vpn.go:176.2,183.12 4 4
github.com/penguintechinc/penguin/internal/modules/tobogganing/vpn.go:187.60,191.18 3 12
github.com/penguintechinc/penguin/internal/modules/tobogganing/vpn.go:191.18,193.3 1 10
github.com/penguintechinc/penguin/internal/modules/tobogganing/vpn.go:195.2,197.12 3 2
github.com/penguintechinc/penguin/internal/modules/tobogganing/vpn.go:201.41,205.2 3 20
github.com/penguintechinc/penguin/internal/modules/tobogganing/vpn.go:208.67,212.2 3 11
github.com/penguintechinc/penguin/internal/modules/tobogganing/vpn.go:215.48,219.2 3 3
github.com/penguintechinc/penguin/internal/modules/tobogganing/vpn.go:222.96,228.16 4 5
github.com/penguintechinc/penguin/internal/modules/tobogganing/vpn.go:228.16,230.3 1 3
github.com/penguintechinc/penguin/internal/modules/tobogganing/vpn.go:232.2,235.12 3 2
github.com/penguintechinc/penguin/internal/modules/tobogganing/vpn.go:239.106,241.17 2 16
github.com/penguintechinc/penguin/internal/modules/tobogganing/vpn.go:241.17,243.3 1 4
github.com/penguintechinc/penguin/internal/modules/tobogganing/vpn.go:245.2,248.105 3 12
github.com/penguintechinc/penguin/internal/modules/tobogganing/vpn.go:248.105,250.3 1 2
github.com/penguintechinc/penguin/internal/modules/tobogganing/vpn.go:252.2,252.17 1 10
github.com/penguintechinc/penguin/internal/modules/tobogganing/vpn.go:258.130,260.20 2 21
github.com/penguintechinc/penguin/internal/modules/tobogganing/vpn.go:260.20,263.3 2 2
github.com/penguintechinc/penguin/internal/modules/tobogganing/vpn.go:265.2,266.16 2 21
github.com/penguintechinc/penguin/internal/modules/tobogganing/vpn.go:266.16,268.3 1 0
github.com/penguintechinc/penguin/internal/modules/tobogganing/vpn.go:270.2,274.16 4 21
github.com/penguintechinc/penguin/internal/modules/tobogganing/vpn.go:274.16,276.3 1 1
github.com/penguintechinc/penguin/internal/modules/tobogganing/vpn.go:277.2,277.15 1 20
github.com/penguintechinc/penguin/internal/modules/tobogganing/vpn.go:277.15,277.40 1 20
github.com/penguintechinc/penguin/internal/modules/tobogganing/vpn.go:279.2,279.38 1 20
github.com/penguintechinc/penguin/internal/modules/tobogganing/vpn.go:279.38,281.3 1 3
github.com/penguintechinc/penguin/internal/modules/tobogganing/vpn.go:283.2,283.52 1 17
github.com/penguintechinc/penguin/internal/modules/tobogganing/vpn.go:287.50,293.2 4 1
github.com/penguintechinc/penguin/internal/extplugin/client.go:32.93,35.2 2 0
github.com/penguintechinc/penguin/internal/extplugin/client.go:38.125,41.16 2 1
github.com/penguintechinc/penguin/internal/extplugin/client.go:41.16,43.3 1 0
github.com/penguintechinc/penguin/internal/extplugin/client.go:46.2,46.61 1 1
github.com/penguintechinc/penguin/internal/extplugin/client.go:46.61,48.3 1 0
github.com/penguintechinc/penguin/internal/extplugin/client.go:51.2,69.16 4 1
github.com/penguintechinc/penguin/internal/extplugin/client.go:69.16,71.3 1 0
github.com/penguintechinc/penguin/internal/extplugin/client.go:74.2,75.16 2 1
github.com/penguintechinc/penguin/internal/extplugin/client.go:75.16,78.3 2 0
github.com/penguintechinc/penguin/internal/extplugin/client.go:80.2,81.9 2 1
github.com/penguintechinc/penguin/internal/extplugin/client.go:81.9,84.3 2 0
github.com/penguintechinc/penguin/internal/extplugin/client.go:87.2,90.8 1 1
github.com/penguintechinc/penguin/internal/extplugin/client.go:96.54,98.16 2 1
github.com/penguintechinc/penguin/internal/extplugin/client.go:98.16,100.3 1 0
github.com/penguintechinc/penguin/internal/extplugin/client.go:102.2,105.32 3 1
github.com/penguintechinc/penguin/internal/extplugin/client.go:105.32,106.21 1 3
github.com/penguintechinc/penguin/internal/extplugin/client.go:106.21,107.12 1 0
github.com/penguintechinc/penguin/internal/extplugin/client.go:110.3,113.76 2 3
github.com/penguintechinc/penguin/internal/extplugin/client.go:113.76,116.12 2 0
github.com/penguintechinc/penguin/internal/extplugin/client.go:120.3,121.17 2 3
github.com/penguintechinc/penguin/internal/extplugin/client.go:121.17,124.12 2 1
github.com/penguintechinc/penguin/internal/extplugin/client.go:128.3,128.55 1 2
github.com/penguintechinc/penguin/internal/extplugin/client.go:128.55,130.12 2 2
github.com/penguintechinc/penguin/internal/extplugin/client.go:133.3,133.36 1 0
github.com/penguintechinc/penguin/internal/extplugin/client.go:136.2,136.23 1 1
github.com/penguintechinc/penguin/internal/extplugin/client.go:145.99,147.2 1 0
github.com/penguintechinc/penguin/internal/extplugin/client.go:150.84,152.2 1 0
github.com/penguintechinc/penguin/internal/extplugin/client.go:155.130,163.16 4 1
github.com/penguintechinc/penguin/internal/extplugin/client.go:163.16,165.3 1 0
github.com/penguintechinc/penguin/internal/extplugin/client.go:168.2,170.12 3 1
github.com/penguintechinc/penguin/internal/extplugin/client.go:170.12,172.3 1 1
github.com/penguintechinc/penguin/internal/extplugin/client.go:175.2,176.76 2 1
github.com/penguintechinc/penguin/internal/extplugin/client.go:180.90,182.2 1 0
github.com/penguintechinc/penguin/internal/extplugin/client.go:190.53,192.16 2 2
github.com/penguintechinc/penguin/internal/extplugin/client.go:192.16,194.3 1 0
github.com/penguintechinc/penguin/internal/extplugin/client.go:195.2,200.3 1 2
github.com/penguintechinc/penguin/internal/extplugin/client.go:203.86,207.2 1 0
github.com/penguintechinc/penguin/internal/extplugin/client.go:209.64,211.16 2 2
github.com/penguintechinc/penguin/internal/extplugin/client.go:211.16,213.3 1 0
github.com/penguintechinc/penguin/internal/extplugin/client.go:214.2,214.22 1 2
github.com/penguintechinc/penguin/internal/extplugin/client.go:214.22,216.3 1 0
github.com/penguintechinc/penguin/internal/extplugin/client.go:217.2,217.12 1 2
github.com/penguintechinc/penguin/internal/extplugin/client.go:220.63,222.16 2 2
github.com/penguintechinc/penguin/internal/extplugin/client.go:222.16,224.3 1 0
github.com/penguintechinc/penguin/internal/extplugin/client.go:225.2,225.22 1 2
github.com/penguintechinc/penguin/internal/extplugin/client.go:225.22,227.3 1 0
github.com/penguintechinc/penguin/internal/extplugin/client.go:228.2,228.12 1 2
github.com/penguintechinc/penguin/internal/extplugin/client.go:231.79,233.16 2 2
github.com/penguintechinc/penguin/internal/extplugin/client.go:233.16,235.3 1 0
github.com/penguintechinc/penguin/internal/extplugin/client.go:236.2,236.22 1 2
github.com/penguintechinc/penguin/internal/extplugin/client.go:236.22,238.3 1 0
github.com/penguintechinc/penguin/internal/extplugin/client.go:239.2,242.8 1 2
github.com/penguintechinc/penguin/internal/extplugin/client.go:245.76,247.16 2 1
github.com/penguintechinc/penguin/internal/extplugin/client.go:247.16,249.3 1 0
github.com/penguintechinc/penguin/internal/extplugin/client.go:250.2,254.3 1 1
github.com/penguintechinc/penguin/internal/extplugin/client.go:257.60,259.16 2 1
github.com/penguintechinc/penguin/internal/extplugin/client.go:259.16,261.3 1 0
github.com/penguintechinc/penguin/internal/extplugin/client.go:262.2,263.39 2 1
github.com/penguintechinc/penguin/internal/extplugin/client.go:263.39,265.3 1 1
github.com/penguintechinc/penguin/internal/extplugin/client.go:266.2,266.14 1 1
github.com/penguintechinc/penguin/internal/extplugin/client.go:269.137,276.16 2 2
github.com/penguintechinc/penguin/internal/extplugin/client.go:276.16,278.3 1 0
github.com/penguintechinc/penguin/internal/extplugin/client.go:279.2,279.22 1 2
github.com/penguintechinc/penguin/internal/extplugin/client.go:279.22,281.3 1 0
[...]
github.com/penguintechinc/penguin/internal/daemon/supervisor.go:447.20,447.20 0 0
github.com/penguintechinc/penguin/internal/daemon/supervisor.go:455.48,456.40 1 40
github.com/penguintechinc/penguin/internal/daemon/supervisor.go:456.40,457.16 1 11
github.com/penguintechinc/penguin/internal/daemon/supervisor.go:457.16,459.4 1 5
github.com/penguintechinc/penguin/internal/daemon/supervisor.go:461.2,461.57 1 35
github.com/penguintechinc/penguin/internal/daemon/supervisor.go:465.53,467.40 2 10
github.com/penguintechinc/penguin/internal/daemon/supervisor.go:467.40,468.16 1 10
github.com/penguintechinc/penguin/internal/daemon/supervisor.go:468.16,471.4 2 0
github.com/penguintechinc/penguin/internal/daemon/supervisor.go:473.2,473.47 1 10
github.com/penguintechinc/penguin/internal/daemon/supervisor.go:477.49,479.16 2 6
github.com/penguintechinc/penguin/internal/daemon/supervisor.go:479.16,481.3 1 0
github.com/penguintechinc/penguin/internal/daemon/supervisor.go:482.2,483.12 2 6
github.com/penguintechinc/penguin/internal/daemon/supervisor.go:491.113,495.34 2 133
github.com/penguintechinc/penguin/internal/daemon/supervisor.go:495.34,497.3 1 47
github.com/penguintechinc/penguin/internal/daemon/supervisor.go:497.8,499.3 1 86
github.com/penguintechinc/penguin/internal/daemon/supervisor.go:500.2,500.17 1 133
github.com/penguintechinc/penguin/internal/daemon/supervisor.go:500.17,502.3 1 2
github.com/penguintechinc/penguin/internal/daemon/supervisor.go:504.2,504.19 1 131
github.com/penguintechinc/penguin/internal/daemon/supervisor.go:504.19,506.3 1 121
github.com/penguintechinc/penguin/internal/daemon/supervisor.go:508.2,509.44 2 131
github.com/penguintechinc/penguin/internal/daemon/supervisor.go:509.44,511.3 1 126
github.com/penguintechinc/penguin/internal/daemon/supervisor.go:511.8,511.40 1 5
github.com/penguintechinc/penguin/internal/daemon/supervisor.go:511.40,513.3 1 5
github.com/penguintechinc/penguin/internal/daemon/supervisor.go:515.2,522.27 2 131
github.com/penguintechinc/penguin/internal/modules/squawk/module.go:78.23,82.2 1 68
github.com/penguintechinc/penguin/internal/modules/squawk/module.go:90.40,96.2 1 1
github.com/penguintechinc/penguin/internal/modules/squawk/module.go:99.73,106.57 5 62
github.com/penguintechinc/penguin/internal/modules/squawk/module.go:106.57,109.3 1 1
github.com/penguintechinc/penguin/internal/modules/squawk/module.go:114.2,136.40 2 62
github.com/penguintechinc/penguin/internal/modules/squawk/module.go:136.40,137.50 1 11
github.com/penguintechinc/penguin/internal/modules/squawk/module.go:137.50,139.4 1 1
github.com/penguintechinc/penguin/internal/modules/squawk/module.go:143.2,143.29 1 61
github.com/penguintechinc/penguin/internal/modules/squawk/module.go:143.29,144.69 1 60
github.com/penguintechinc/penguin/internal/modules/squawk/module.go:144.69,146.4 1 59
github.com/penguintechinc/penguin/internal/modules/squawk/module.go:149.2,163.16 5 61
github.com/penguintechinc/penguin/internal/modules/squawk/module.go:163.16,166.3 2 0
github.com/penguintechinc/penguin/internal/modules/squawk/module.go:169.2,169.27 1 61
github.com/penguintechinc/penguin/internal/modules/squawk/module.go:169.27,177.3 2 7
github.com/penguintechinc/penguin/internal/modules/squawk/module.go:180.2,186.12 3 61
github.com/penguintechinc/penguin/internal/modules/squawk/module.go:190.51,194.15 3 10
github.com/penguintechinc/penguin/internal/modules/squawk/module.go:194.15,196.3 1 2
github.com/penguintechinc/penguin/internal/modules/squawk/module.go:199.2,199.24 1 8
github.com/penguintechinc/penguin/internal/modules/squawk/module.go:199.24,200.48 1 3
github.com/penguintechinc/penguin/internal/modules/squawk/module.go:200.48,203.4 2 0
github.com/penguintechinc/penguin/internal/modules/squawk/module.go:204.3,204.31 1 3
github.com/penguintechinc/penguin/internal/modules/squawk/module.go:208.2,208.31 1 8
github.com/penguintechinc/penguin/internal/modules/squawk/module.go:208.31,209.93 1 3
github.com/penguintechinc/penguin/internal/modules/squawk/module.go:209.93,212.4 1 3
github.com/penguintechinc/penguin/internal/modules/squawk/module.go:212.9,214.4 1 0
github.com/penguintechinc/penguin/internal/modules/squawk/module.go:217.2,220.12 3 8
github.com/penguintechinc/penguin/internal/modules/squawk/module.go:224.50,228.16 3 11
github.com/penguintechinc/penguin/internal/modules/squawk/module.go:228.16,230.3 1 3
github.com/penguintechinc/penguin/internal/modules/squawk/module.go:232.2,235.24 2 8
github.com/penguintechinc/penguin/internal/modules/squawk/module.go:235.24,236.44 1 3
github.com/penguintechinc/penguin/internal/modules/squawk/module.go:236.44,239.4 2 3
github.com/penguintechinc/penguin/internal/modules/squawk/module.go:240.3,240.31 1 3
github.com/penguintechinc/penguin/internal/modules/squawk/module.go:244.2,244.31 1 8
github.com/penguintechinc/penguin/internal/modules/squawk/module.go:244.31,245.49 1 3
github.com/penguintechinc/penguin/internal/modules/squawk/module.go:245.49,248.4 2 3
github.com/penguintechinc/penguin/internal/modules/squawk/module.go:249.3,249.30 1 3
github.com/penguintechinc/penguin/internal/modules/squawk/module.go:253.2,253.24 1 8
github.com/penguintechinc/penguin/internal/modules/squawk/module.go:253.24,254.45 1 8
github.com/penguintechinc/penguin/internal/modules/squawk/module.go:254.45,256.4 1 0
github.com/penguintechinc/penguin/internal/modules/squawk/module.go:259.2,262.19 3 8
github.com/penguintechinc/penguin/internal/modules/squawk/module.go:262.19,264.3 1 5
github.com/penguintechinc/penguin/internal/modules/squawk/module.go:266.2,266.12 1 3
github.com/penguintechinc/penguin/internal/modules/squawk/module.go:270.66,275.15 4 6
github.com/penguintechinc/penguin/internal/modules/squawk/module.go:275.15,277.3 1 1
github.com/penguintechinc/penguin/internal/modules/squawk/module.go:279.2,283.24 2 6
github.com/penguintechinc/penguin/internal/modules/squawk/module.go:283.24,285.3 1 1
github.com/penguintechinc/penguin/internal/modules/squawk/module.go:288.2,288.77 1 6
github.com/penguintechinc/penguin/internal/modules/squawk/module.go:288.77,290.3 1 6
github.com/penguintechinc/penguin/internal/modules/squawk/module.go:292.2,295.8 1 6
github.com/penguintechinc/penguin/internal/modules/squawk/module.go:299.63,304.56 3 8
github.com/penguintechinc/penguin/internal/modules/squawk/module.go:304.56,310.3 1 2
github.com/penguintechinc/penguin/internal/modules/squawk/module.go:313.2,319.24 5 6
github.com/penguintechinc/penguin/internal/modules/squawk/module.go:319.24,322.17 2 5
github.com/penguintechinc/penguin/internal/modules/squawk/module.go:322.17,326.4 3 5
github.com/penguintechinc/penguin/internal/modules/squawk/module.go:327.8,330.3 2 1
github.com/penguintechinc/penguin/internal/modules/squawk/module.go:332.2,342.3 2 6
github.com/penguintechinc/penguin/internal/modules/squawk/module.go:346.47,438.2 1 1
github.com/penguintechinc/penguin/internal/modules/squawk/module.go:441.124,442.20 1 44
github.com/penguintechinc/penguin/internal/modules/squawk/module.go:442.20,447.3 1 1
github.com/penguintechinc/penguin/internal/modules/squawk/module.go:449.2,451.13 2 43
github.com/penguintechinc/penguin/internal/modules/squawk/module.go:452.15,453.41 1 10
github.com/penguintechinc/penguin/internal/modules/squawk/module.go:454.17,455.42 1 14
github.com/penguintechinc/penguin/internal/modules/squawk/module.go:456.16,457.35 1 3
github.com/penguintechinc/penguin/internal/modules/squawk/module.go:458.15,459.40 1 8
github.com/penguintechinc/penguin/internal/modules/squawk/module.go:460.17,461.36 1 4
github.com/penguintechinc/penguin/internal/modules/squawk/module.go:462.14,463.33 1 2
github.com/penguintechinc/penguin/internal/modules/squawk/module.go:464.10,468.9 1 2
github.com/penguintechinc/penguin/internal/modules/squawk/module.go:473.40,554.2 3 3
github.com/penguintechinc/penguin/internal/modules/squawk/module.go:558.112,559.20 1 10
github.com/penguintechinc/penguin/internal/modules/squawk/module.go:559.20,564.3 1 3
github.com/penguintechinc/penguin/internal/modules/squawk/module.go:566.2,568.22 3 7
github.com/penguintechinc/penguin/internal/modules/squawk/module.go:568.22,570.3 1 4
github.com/penguintechinc/penguin/internal/modules/squawk/module.go:572.2,576.16 4 7
github.com/penguintechinc/penguin/internal/modules/squawk/module.go:576.16,581.3 1 7
github.com/penguintechinc/penguin/internal/modules/squawk/module.go:583.2,595.8 3 0
github.com/penguintechinc/penguin/internal/modules/squawk/module.go:598.104,599.19 1 14
github.com/penguintechinc/penguin/internal/modules/squawk/module.go:599.19,604.3 1 1
github.com/penguintechinc/penguin/internal/modules/squawk/module.go:606.2,611.16 4 13
github.com/penguintechinc/penguin/internal/modules/squawk/module.go:612.16,614.52 2 4
github.com/penguintechinc/penguin/internal/modules/squawk/module.go:614.52,616.4 1 0
github.com/penguintechinc/penguin/internal/modules/squawk/module.go:616.9,618.4 1 4
github.com/penguintechinc/penguin/internal/modules/squawk/module.go:619.3,624.9 2 4
github.com/penguintechinc/penguin/internal/modules/squawk/module.go:626.15,627.25 1 4
github.com/penguintechinc/penguin/internal/modules/squawk/module.go:627.25,632.4 1 3
github.com/penguintechinc/penguin/internal/modules/squawk/module.go:633.3,633.48 1 1
github.com/penguintechinc/penguin/internal/modules/squawk/module.go:633.48,638.4 1 0
github.com/penguintechinc/penguin/internal/modules/squawk/module.go:639.3,642.9 1 1
github.com/penguintechinc/penguin/internal/modules/squawk/module.go:644.14,645.25 1 3
github.com/penguintechinc/penguin/internal/modules/squawk/module.go:645.25,650.4 1 3
github.com/penguintechinc/penguin/internal/modules/squawk/module.go:651.3,651.44 1 0
github.com/penguintechinc/penguin/internal/modules/squawk/module.go:651.44,656.4 1 0
github.com/penguintechinc/penguin/internal/modules/squawk/module.go:657.3,660.9 1 0
github.com/penguintechinc/penguin/internal/modules/squawk/module.go:662.10,666.9 1 2
github.com/penguintechinc/penguin/internal/modules/squawk/module.go:670.88,680.16 6 4
github.com/penguintechinc/penguin/internal/modules/squawk/module.go:680.16,682.3 1 0
github.com/penguintechinc/penguin/internal/modules/squawk/module.go:683.2,687.8 1 4
github.com/penguintechinc/penguin/internal/modules/squawk/module.go:692.34,693.9 1 8
github.com/penguintechinc/penguin/internal/modules/squawk/module.go:694.15,695.12 1 3
github.com/penguintechinc/penguin/internal/modules/squawk/module.go:696.19,697.16 1 2
github.com/penguintechinc/penguin/internal/modules/squawk/module.go:698.10,699.31 1 3
github.com/penguintechinc/penguin/internal/modules/squawk/module.go:703.102,704.19 1 8
github.com/penguintechinc/penguin/internal/modules/squawk/module.go:704.19,709.3 1 1
github.com/penguintechinc/penguin/internal/modules/squawk/module.go:711.2,713.16 2 7
github.com/penguintechinc/penguin/internal/modules/squawk/module.go:714.15,723.9 2 3
github.com/penguintechinc/penguin/internal/modules/squawk/module.go:725.15,731.9 2 2
github.com/penguintechinc/penguin/internal/modules/squawk/module.go:733.10,737.9 1 2
github.com/penguintechinc/penguin/internal/modules/squawk/module.go:741.89,750.70 4 4
github.com/penguintechinc/penguin/internal/modules/squawk/module.go:750.70,752.3 1 0
github.com/penguintechinc/penguin/internal/modules/squawk/module.go:754.2,758.16 4 4
github.com/penguintechinc/penguin/internal/modules/squawk/module.go:758.16,760.3 1 4
github.com/penguintechinc/penguin/internal/modules/squawk/module.go:760.8,760.20 1 0
github.com/penguintechinc/penguin/internal/modules/squawk/module.go:760.20,762.3 1 0
github.com/penguintechinc/penguin/internal/modules/squawk/module.go:762.8,764.3 1 0
github.com/penguintechinc/penguin/internal/modules/squawk/module.go:766.2,776.8 2 4
github.com/penguintechinc/penguin/internal/modules/squawk/module.go:779.86,792.2 2 2
github.com/penguintechinc/penguin/internal/modules/squawk/module.go:794.68,835.2 2 61
github.com/penguintechinc/penguin/internal/modules/squawk/sysresolver.go:47.69,52.2 1 62
github.com/penguintechinc/penguin/internal/modules/squawk/sysresolver.go:55.75,56.23 1 5
github.com/penguintechinc/penguin/internal/modules/squawk/sysresolver.go:56.23,58.3 1 2
github.com/penguintechinc/penguin/internal/modules/squawk/sysresolver.go:60.2,65.16 4 3
github.com/penguintechinc/penguin/internal/modules/squawk/sysresolver.go:65.16,67.3 1 0
github.com/penguintechinc/penguin/internal/modules/squawk/sysresolver.go:70.2,70.54 1 3
github.com/penguintechinc/penguin/internal/modules/squawk/sysresolver.go:70.54,72.3 1 3
github.com/penguintechinc/penguin/internal/modules/squawk/sysresolver.go:75.2,79.31 2 0
github.com/penguintechinc/penguin/internal/modules/squawk/sysresolver.go:79.31,81.3 1 0
github.com/penguintechinc/penguin/internal/modules/squawk/sysresolver.go:84.2,86.46 2 0
github.com/penguintechinc/penguin/internal/modules/squawk/sysresolver.go:86.46,89.3 1 0
github.com/penguintechinc/penguin/internal/modules/squawk/sysresolver.go:91.2,93.12 3 0
github.com/penguintechinc/penguin/internal/modules/squawk/sysresolver.go:97.55,102.21 3 7
github.com/penguintechinc/penguin/internal/modules/squawk/sysresolver.go:102.21,103.48 1 6
github.com/penguintechinc/penguin/internal/modules/squawk/sysresolver.go:103.48,105.4 1 2
github.com/penguintechinc/penguin/internal/modules/squawk/sysresolver.go:105.9,108.4 2 4
github.com/penguintechinc/penguin/internal/modules/squawk/sysresolver.go:112.2,113.45 2 3
github.com/penguintechinc/penguin/internal/modules/squawk/sysresolver.go:113.45,115.17 2 4
github.com/penguintechinc/penguin/internal/modules/squawk/sysresolver.go:115.17,117.12 2 1
github.com/penguintechinc/penguin/internal/modules/squawk/sysresolver.go:119.3,119.34 1 3
github.com/penguintechinc/penguin/internal/modules/squawk/sysresolver.go:122.2,122.23 1 3
github.com/penguintechinc/penguin/internal/modules/squawk/sysresolver.go:122.23,125.3 2 1
github.com/penguintechinc/penguin/internal/modules/squawk/sysresolver.go:128.2,128.56 1 3
github.com/penguintechinc/penguin/internal/modules/squawk/sysresolver.go:128.56,130.3 1 3
github.com/penguintechinc/penguin/internal/modules/squawk/sysresolver.go:133.2,137.12 4 0
github.com/penguintechinc/penguin/internal/modules/squawk/sysresolver.go:141.71,143.2 1 9
github.com/penguintechinc/penguin/internal/modules/squawk/sysresolver.go:146.64,151.16 4 69
github.com/penguintechinc/penguin/internal/modules/squawk/sysresolver.go:151.16,154.3 1 64
github.com/penguintechinc/penguin/internal/modules/squawk/sysresolver.go:156.2,161.43 3 5
github.com/penguintechinc/penguin/internal/modules/squawk/sysresolver.go:161.43,163.17 2 7
github.com/penguintechinc/penguin/internal/modules/squawk/sysresolver.go:163.17,164.12 1 0
github.com/penguintechinc/penguin/internal/modules/squawk/sysresolver.go:166.3,166.34 1 7
github.com/penguintechinc/penguin/internal/modules/squawk/sysresolver.go:169.2,169.22 1 5
github.com/penguintechinc/penguin/internal/modules/squawk/sysresolver.go:169.22,170.57 1 5
github.com/penguintechinc/penguin/internal/modules/squawk/sysresolver.go:170.57,173.4 2 5
github.com/penguintechinc/penguin/internal/modules/squawk/sysresolver.go:177.2,177.25 1 0
github.com/penguintechinc/penguin/internal/modules/squawk/sysresolver.go:182.57,184.16 2 8
github.com/penguintechinc/penguin/internal/modules/squawk/sysresolver.go:184.16,186.3 1 0
github.com/penguintechinc/penguin/internal/modules/squawk/sysresolver.go:188.2,189.62 2 8
github.com/penguintechinc/penguin/internal/modules/squawk/sysresolver.go:189.62,191.3 1 0
github.com/penguintechinc/penguin/internal/modules/squawk/sysresolver.go:193.2,193.12 1 8
github.com/penguintechinc/penguin/internal/modules/squawk/sysresolver.go:196.53,200.16 3 79
github.com/penguintechinc/penguin/internal/modules/squawk/sysresolver.go:200.16,202.3 1 68
github.com/penguintechinc/penguin/internal/modules/squawk/sysresolver.go:204.2,205.54 2 11
github.com/penguintechinc/penguin/internal/modules/squawk/sysresolver.go:205.54,207.3 1 2
github.com/penguintechinc/penguin/internal/modules/squawk/sysresolver.go:209.2,209.21 1 9
github.com/penguintechinc/penguin/internal/modules/squawk/sysresolver.go:212.41,214.69 2 2
github.com/penguintechinc/penguin/internal/modules/squawk/sysresolver.go:214.69,216.3 1 0
github.com/penguintechinc/penguin/internal/modules/squawk/sysresolver.go:217.2,217.12 1 2
github.com/penguintechinc/penguin/internal/modules/squawk/sysresolver_linux.go:19.83,21.64 1 3
github.com/penguintechinc/penguin/internal/modules/squawk/sysresolver_linux.go:21.64,24.3 2 0
github.com/penguintechinc/penguin/internal/modules/squawk/sysresolver_linux.go:27.2,27.54 1 3
github.com/penguintechinc/penguin/internal/modules/squawk/sysresolver_linux.go:27.54,29.3 1 3
github.com/penguintechinc/penguin/internal/modules/squawk/sysresolver_linux.go:31.2,32.12 2 0
github.com/penguintechinc/penguin/internal/modules/squawk/sysresolver_linux.go:36.85,38.66 1 8
github.com/penguintechinc/penguin/internal/modules/squawk/sysresolver_linux.go:38.66,41.3 2 0
github.com/penguintechinc/penguin/internal/modules/squawk/sysresolver_linux.go:44.2,44.56 1 8
github.com/penguintechinc/penguin/internal/modules/squawk/sysresolver_linux.go:44.56,46.3 1 8
github.com/penguintechinc/penguin/internal/modules/squawk/sysresolver_linux.go:48.2,49.12 2 0
github.com/penguintechinc/penguin/internal/modules/squawk/sysresolver_linux.go:53.79,56.16 2 10
github.com/penguintechinc/penguin/internal/modules/squawk/sysresolver_linux.go:56.16,58.3 1 0
github.com/penguintechinc/penguin/internal/modules/squawk/sysresolver_linux.go:60.2,61.60 2 10
github.com/penguintechinc/penguin/internal/modules/squawk/sysresolver_linux.go:61.60,63.45 2 240
github.com/penguintechinc/penguin/internal/modules/squawk/sysresolver_linux.go:63.45,65.22 2 10
github.com/penguintechinc/penguin/internal/modules/squawk/sysresolver_linux.go:65.22,66.59 1 10
github.com/penguintechinc/penguin/internal/modules/squawk/sysresolver_linux.go:66.59,68.6 1 10
github.com/penguintechinc/penguin/internal/modules/squawk/sysresolver_linux.go:73.2,73.23 1 10
github.com/penguintechinc/penguin/internal/modules/squawk/sysresolver_linux.go:73.23,75.3 1 0
github.com/penguintechinc/penguin/internal/modules/squawk/sysresolver_linux.go:77.2,77.21 1 10
github.com/penguintechinc/penguin/internal/modules/squawk/sysresolver_linux.go:81.42,83.16 2 1
github.com/penguintechinc/penguin/internal/modules/squawk/sysresolver_linux.go:83.16,85.3 1 0
github.com/penguintechinc/penguin/internal/modules/squawk/sysresolver_linux.go:86.2,86.24 1 1
github.com/penguintechinc/penguin/internal/modules/squawk/sysresolver_linux.go:90.67,93.65 2 13
github.com/penguintechinc/penguin/internal/modules/squawk/sysresolver_linux.go:93.65,95.66 1 13
github.com/penguintechinc/penguin/internal/modules/squawk/sysresolver_linux.go:95.66,97.4 1 0
github.com/penguintechinc/penguin/internal/modules/squawk/sysresolver_linux.go:101.2,103.33 3 13
github.com/penguintechinc/penguin/internal/modules/squawk/sysresolver_linux.go:103.33,105.3 1 16
github.com/penguintechinc/penguin/internal/modules/squawk/sysresolver_linux.go:106.2,109.84 3 13
github.com/penguintechinc/penguin/internal/modules/squawk/sysresolver_linux.go:109.84,111.3 1 13
github.com/penguintechinc/penguin/internal/modules/squawk/sysresolver_linux.go:113.2,113.12 1 0
github.com/penguintechinc/penguin/internal/modules/squawk/sysresolver_linux.go:117.69,121.16 3 9
github.com/penguintechinc/penguin/internal/modules/squawk/sysresolver_linux.go:121.16,124.3 1 9
github.com/penguintechinc/penguin/internal/modules/squawk/sysresolver_linux.go:127.2,127.73 1 0
github.com/penguintechinc/penguin/internal/modules/squawk/sysresolver_linux.go:127.73,129.3 1 0
github.com/penguintechinc/penguin/internal/modules/squawk/sysresolver_linux.go:132.2,133.12 2 0
github.com/penguintechinc/penguin/internal/modules/squawk/sysresolver_linux.go:138.93,142.2 1 4
github.com/penguintechinc/penguin/internal/modules/squawk/sysresolver_linux.go:145.95,147.2 1 9
github.com/penguintechinc/penguin/internal/modules/squawk/sysresolver_linux.go:149.33,151.2 1 1
